Log file open, 04/30/15 19:09:41
LogInit:Display: Running engine for game: Skeleton_War_1
LogInit: Version: 4.7.6-2513093+++depot+UE4-Releases+4.7
LogInit: API Version: 2455222
LogInit: Compiled (64-bit): Apr 15 2015 12:09:54
LogInit: Compiled with Visual C++: 18.00.21005.01
LogInit: Build Configuration: Development
LogInit: Branch Name: ++depot+UE4-Releases+4.7
LogInit: Command line:  
LogInit: Base directory: C:/Program Files/Epic Games/4.7/Engine/Binaries/Win64/
LogInit: Rocket: 1
[2015.04.30-09.09.41:080][  0]LogTaskGraph: Started task graph with 3 named threads and 6 total threads.
[2015.04.30-09.09.41:132][  0]LogOnline:Warning: No default platform service specified for OnlineSubsystem
[2015.04.30-09.09.41:141][  0]LogInit: Presizing for 0 objects not considered by GC, pre-allocating 0 bytes.
[2015.04.30-09.09.41:147][  0]LogInit: Object subsystem initialized
[2015.04.30-09.09.41:149][  0]LogConsoleResponse:Warning: Skipping Unknown console variable: 'TranslucentSortAxis = (X=0.000000,Y=-1.000000,Z=0.000000)'
[2015.04.30-09.09.41:149][  0]LogConsoleResponse:Warning:   Found in ini file 'D:/SkeletonWar-develop/skeletonwar/Saved/Config/Windows/Engine.ini', in section '[/Script/Engine.RendererSettings]'
[2015.04.30-09.09.41:149][  0]LogConsoleResponse:Warning: Skipping Unknown console variable: 'UIScaleRule = ShortestSide'
[2015.04.30-09.09.41:149][  0]LogConsoleResponse:Warning:   Found in ini file 'D:/SkeletonWar-develop/skeletonwar/Saved/Config/Windows/Engine.ini', in section '[/Script/Engine.RendererSettings]'
[2015.04.30-09.09.41:149][  0]LogConsoleResponse:Warning: Skipping Unknown console variable: 'UIScaleCurve = (EditorCurveData=(Keys=),ExternalCurve=None)'
[2015.04.30-09.09.41:149][  0]LogConsoleResponse:Warning:   Found in ini file 'D:/SkeletonWar-develop/skeletonwar/Saved/Config/Windows/Engine.ini', in section '[/Script/Engine.RendererSettings]'
[2015.04.30-09.09.41:149][  0]LogInit: Selected Device Profile: [Windows]
[2015.04.30-09.09.41:149][  0]LogInit: Applying CVar settings loaded from the selected device profile: [Windows]
[2015.04.30-09.09.41:152][  0]LogInit: Computer: CHRIS-PC
[2015.04.30-09.09.41:152][  0]LogInit: User: Chris
[2015.04.30-09.09.41:152][  0]LogInit: CPU Page size=4096, Cores=4
[2015.04.30-09.09.41:152][  0]LogInit: High frequency timer resolution =3.984650 MHz
[2015.04.30-09.09.41:152][  0]LogMemory: Memory total: Physical=15.9GB (16GB approx) Virtual=131072.0GB
[2015.04.30-09.09.41:152][  0]LogMemory: Platform Memory Stats for Windows
[2015.04.30-09.09.41:152][  0]LogMemory: Process Physical Memory: 46.27 MB used, 46.27 MB peak
[2015.04.30-09.09.41:153][  0]LogMemory: Process Virtual Memory: 28.59 MB used, 28.60 MB peak
[2015.04.30-09.09.41:153][  0]LogMemory: Physical Memory: 5039.87 MB used, 16326.86 MB total
[2015.04.30-09.09.41:153][  0]LogMemory: Virtual Memory: 294.51 MB used, 134217728.00 MB total
[2015.04.30-09.09.41:167][  0]LogD3D11RHI: Found D3D11 adapter 0: NVIDIA GeForce GTX 970 (Feature Level 11_0)
[2015.04.30-09.09.41:167][  0]LogD3D11RHI: Adapter has 3977MB of dedicated video memory, 0MB of dedicated system memory, and 8163MB of shared system memory, 2 output[s]
[2015.04.30-09.09.41:168][  0]LogD3D11RHI: Found D3D11 adapter 1: Microsoft Basic Render Driver (Feature Level 11_0)
[2015.04.30-09.09.41:168][  0]LogD3D11RHI: Adapter has 0MB of dedicated video memory, 0MB of dedicated system memory, and 256MB of shared system memory, 0 output[s]
[2015.04.30-09.09.41:168][  0]LogD3D11RHI: Chosen D3D11 Adapter Id = 0
[2015.04.30-09.09.41:170][  0]LogRHI: Texture pool is 1361 MB (70% of 1945 MB)
[2015.04.30-09.09.41:177][  0]LogD3D11RHI: Async texture creation enabled
[2015.04.30-09.09.41:237][  0]LogTextLocalizationManager: The requested culture ('en_AU') has no localization data; parent culture's ('en') localization data will be used.
[2015.04.30-09.09.41:273][  0]LogTextLocalizationManager:Warning: Loading localization resources contain conflicting entries for (Namespace:UICommands, Key:Save_ToolTip):
Resource: (C:/Program Files/Epic Games/4.7/Engine/Content/Localization/Editor/en/Editor.locres) Hash: (-29098895) String: (Saves the current level to disk)
Resource: (C:/Program Files/Epic Games/4.7/Engine/Content/Localization/Engine/en/Engine.locres) Hash: (-1280300587) String: (Save selected data to vlog file)
[2015.04.30-09.09.41:273][  0]LogTextLocalizationManager:Warning: Loading localization resources contain conflicting entries for (Namespace:ContentBrowser, Key:ImportAssetToolTip):
Resource: (C:/Program Files/Epic Games/4.7/Engine/Content/Localization/Editor/en/Editor.locres) Hash: (-630476809) String: (Import to {0}...)
Resource: (C:/Program Files/Epic Games/4.7/Engine/Content/Localization/Editor/en/Editor.locres) Hash: (1271782899) String: (Imports an asset from file to this folder.)
[2015.04.30-09.09.41:324][  0]LogContentStreaming: Texture pool size is 0.000000MB
[2015.04.30-09.09.42:770][  0]LogTargetPlatformManager:Display: Building Assets For Windows
[2015.04.30-09.09.43:119][  0]LogTargetPlatformManager:Display: Building Assets For Windows
[2015.04.30-09.09.43:157][  0]LogDerivedDataCache:Display: Max Cache Size: 512 MB
[2015.04.30-09.09.43:182][  0]LogDerivedDataCache: Loaded boot cache 0.02s 39MB C:/Users/Chris/AppData/Local/UnrealEngine/4.7/DerivedDataCache/Boot.ddc.
[2015.04.30-09.09.43:182][  0]LogDerivedDataCache:Display: Loaded Boot cache: C:/Users/Chris/AppData/Local/UnrealEngine/4.7/DerivedDataCache/Boot.ddc
[2015.04.30-09.09.43:182][  0]LogDerivedDataCache: FDerivedDataBackendGraph:  Pak pak cache file D:/SkeletonWar-develop/skeletonwar/DerivedDataCache/DDC.ddp not found, will not use a pak cache.
[2015.04.30-09.09.43:182][  0]LogDerivedDataCache: Unable to find inner node Pak for hierarchical cache Hierarchy.
[2015.04.30-09.09.43:257][  0]LogDerivedDataCache:Display: Pak cache opened for reading ../../../Engine/DerivedDataCache/Compressed.ddp.
[2015.04.30-09.09.43:268][  0]LogDerivedDataCache: Using Local data cache path C:/Users/Chris/AppData/Local/UnrealEngine/Common/DerivedDataCache: Writable
[2015.04.30-09.09.43:442][  0]LogMeshUtilities: No automatic mesh reduction module available
[2015.04.30-09.09.43:442][  0]LogMeshUtilities: No automatic mesh merging module available
[2015.04.30-09.09.43:666][  0]LogInit: WinSock: version 1.1 (2.2), MaxSocks=32767, MaxUdp=65467
[2015.04.30-09.09.43:716][  0]LogSlate:Warning: Failed to load font data from '../../../Engine/Content/Slate/Fonts/Roboto-Italic.ttf'
[2015.04.30-09.09.44:235][  0]UdpMessaging: Initializing bridge on interface 0.0.0.0:0 to multicast group 230.0.0.1:6666.
[2015.04.30-09.09.44:389][  0]SourceControl: Info Source control is disabled
[2015.04.30-09.09.44:389][  0]SourceControl: Info Source control is disabled
[2015.04.30-09.09.44:389][  0]SourceControl: Info Source control is disabled
[2015.04.30-09.09.44:394][  0]LogSourceControl: RunCommandInternalRaw: 'git version'
[2015.04.30-09.09.44:394][  0]LogSourceControl: RunCommandInternalRaw: ExecProcess ReturnCode=2 OutResults=''
[2015.04.30-09.09.44:519][  0]LogObj: 24232 objects as part of root set at end of initial load.
[2015.04.30-09.09.44:519][  0]LogUObjectAllocator: 5137168 out of 0 bytes used by permanent object pool.
[2015.04.30-09.09.44:575][  0]LogEngine: Initializing Engine...
[2015.04.30-09.09.46:674][  0]LogInit: XAudio2 using 'Speakers (2- Realtek High Definition Audio)' : 8 channels at 48 kHz using 32 bits per sample (channel mask 0x63f)
[2015.04.30-09.09.46:680][  0]LogInit: FAudioDevice initialized.
[2015.04.30-09.09.46:704][  0]LogAIModule: Creating AISystem for world NewWorld
[2015.04.30-09.09.46:718][  0]LogDerivedDataCache: Saved boot cache 0.01s 39MB C:/Users/Chris/AppData/Local/UnrealEngine/4.7/DerivedDataCache/Boot.ddc.
[2015.04.30-09.09.46:721][  0]LogInit: Texture streaming: Enabled
[2015.04.30-09.09.46:776][  0]LogAnalytics: Creating configured Analytics provider AnalyticsET
[2015.04.30-09.09.46:776][  0]LogAnalytics: ET APIKey = Rocket.Release. APIServer = http://et2.epicgames.com/ET2/. AppVersion = 4.7.6-2513093+++depot+UE4-Releases+4.7
[2015.04.30-09.09.46:776][  0]LogAnalytics: ET APIKey = Rocket.Release. DataRouterUploadURL = https://datarouter-public-service-gamedev.ol.epicgames.net/datarouter/api/v1/public/data. AppVersion = 4.7.6-2513093+++depot+UE4-Releases+4.7
[2015.04.30-09.09.46:776][  0]LogAnalytics: SetUserId 0f6c365d4e46cbfe358372b08dbb532d|770d8529f2544bdc815c51afc974608a|491587ad-d801-42c6-83e4-6e2235d9cefd
[2015.04.30-09.09.46:776][  0]LogAnalytics: AnalyticsET::StartSession [Rocket.Release]
[2015.04.30-09.09.46:792][  0]LogInit: Transaction tracking system initialized
[2015.04.30-09.09.46:905][  0]BlueprintLog: New page: Editor Load
[2015.04.30-09.09.46:931][  0]LogAssetRegistry: FAssetRegistry took 0.0111 seconds to start up
[2015.04.30-09.09.46:931][  0]LogDirectoryWatcher:Warning: Failed to begin reading directory changes for ../../../Engine/Plugins/Experimental/CharacterAI/Content/. Error: 0
[2015.04.30-09.09.47:284][  0]LogTargetPlatformManager:Display: Building Assets For Windows
[2015.04.30-09.09.47:525][  0]LogTargetPlatformManager:Display: Building Assets For Windows
[2015.04.30-09.09.47:677][  0]LogLinker:Warning: Can't find file '/Game/ThirdPersonBP/ThirdPersonOverview'
[2015.04.30-09.09.47:677][  0]LogLinker:Warning: Can't find file '/Game/ThirdPersonBP/ThirdPersonOverview'
[2015.04.30-09.09.47:677][  0]LogUObjectGlobals:Warning: Failed to find object 'Class /Game/ThirdPersonBP/ThirdPersonOverview.ThirdPersonOverview_C'
[2015.04.30-09.09.47:696][  0]LogSlate:Warning: Failed to load font data from '../../../Engine/Content/Editor/Slate/Fonts/Roboto-Regular.ttf'
[2015.04.30-09.09.47:697][  0]LogSlate:Warning: Failed to load font data from '../../../Engine/Content/Editor/Slate/Fonts/Roboto-Bold.ttf'
[2015.04.30-09.09.47:699][  0]LogConsoleResponse:Display: 
[2015.04.30-09.09.47:773][  0]LogCook:Display: Done creating registry. It took  0.00s.
[2015.04.30-09.09.47:865][  0]LogSourceControl: RunCommandInternalRaw: 'git version'
[2015.04.30-09.09.47:865][  0]LogSourceControl: RunCommandInternalRaw: ExecProcess ReturnCode=2 OutResults=''
[2015.04.30-09.09.47:865][  0]Cmd: MAP LOAD FILE="D:/SkeletonWar-develop/skeletonwar/Content/SkeletonWar/Maps/AbbeyGraveyard_W9_v1.umap" TEMPLATE=0 SHOWPROGRESS=1 FEATURELEVEL=3
[2015.04.30-09.09.47:866][  0]LightingResults: New page: Lighting Build
[2015.04.30-09.09.47:873][  0]MapCheck: New page: Map Check
[2015.04.30-09.09.47:873][  0]LightingResults: New page: Lighting Build
[2015.04.30-09.09.47:878][  0]LogParticles: Destroying 0 GPU particle simulations for FXSystem 0x0000005302B9E520
[2015.04.30-09.09.48:930][  0]LogEditorServer: Finished looking for orphan Actors (0.000 secs)
[2015.04.30-09.09.48:956][  0]LogAIModule: Creating AISystem for world AbbeyGraveyard_W9_v1
[2015.04.30-09.09.48:956][  0]Cmd: MAP CHECKDEP
[2015.04.30-09.09.48:956][  0]MapCheck: New page: AbbeyGraveyard_W9_v1 - 1 May 2015 5:09:48 am
[2015.04.30-09.09.49:007][  0]MapCheck: Info Map check complete: 0 Error(s), 0 Warning(s), took 50.84ms to complete.
[2015.04.30-09.09.49:007][  0]LogFileHelpers: Loading map 'AbbeyGraveyard_W9_v1' took 1.142
[2015.04.30-09.09.49:111][  0]LogCollectionManager: Loaded 0 collections in 0.001141 seconds
[2015.04.30-09.09.49:117][  0]LogContentBrowser: Native class hierarchy populated in 0.0063 seconds. Added 1696 classes and 261 folders.
[2015.04.30-09.09.49:140][  0]LogContentBrowser: Native class hierarchy updated for 'SceneOutliner' in 0.0012 seconds. Added 1 classes and 2 folders.
[2015.04.30-09.09.49:191][  0]LogCrashTracker: Crashtracker disabled due to settings.
[2015.04.30-09.09.49:192][  0]LogSlate:Warning: Failed to load font data from 'Veranda'
[2015.04.30-09.09.49:196][  0]LogUObjectGlobals:Warning: Failed to find object 'Class None.'
[2015.04.30-09.09.49:220][  0]LogLoad: Full Startup: 9.65 seconds (BP compile: 0.40 seconds)
[2015.04.30-09.09.49:565][  0]LogContentBrowser:Verbose: The content browser source was changed by the sources view to '/Game/SkeletonWar/UMG'
[2015.04.30-09.09.49:641][  0]LogRenderer:Warning: Reallocating scene render targets to support 32x32 (Frame:2).
[2015.04.30-09.09.49:694][  0]LogRenderer:Warning: Reallocating scene render targets to support 1208x680 (Frame:3).
[2015.04.30-09.09.49:774][  1]Cmd: UpdateLandscapeEditorData -warnings
[2015.04.30-09.09.49:775][  1]Cmd: UpdateLandscapeEditorData
[2015.04.30-09.09.50:233][  2]LogAssetRegistry: Asset discovery search completed in 3.3129 seconds
[2015.04.30-09.09.56:847][245]Cmd: QUIT_EDITOR
[2015.04.30-09.09.56:978][245]LogExit: Preparing to exit.
[2015.04.30-09.09.57:321][245]LogExit: Editor shut down
[2015.04.30-09.09.57:322][245]LogExit: Transaction tracking system shut down
[2015.04.30-09.09.57:322][245]LogParticles: Destroying 0 GPU particle simulations for FXSystem 0x000000537D58B2E0
[2015.04.30-09.09.57:322][245]LogParticles: Destroying 0 GPU particle simulations for FXSystem 0x000000530F7F1D00
[2015.04.30-09.09.57:323][245]LogParticles: Destroying 0 GPU particle simulations for FXSystem 0x000000530FC16E80
[2015.04.30-09.09.57:323][245]LogParticles: Destroying 0 GPU particle simulations for FXSystem 0x000000530F98CA40
[2015.04.30-09.09.57:352][245]LogExit: Object subsystem successfully closed.
[2015.04.30-09.09.57:383][245]LogModuleManager: Shutting down and abandoning module CrashTracker (177)
[2015.04.30-09.09.57:383][245]LogModuleManager: Shutting down and abandoning module SuperSearch (176)
[2015.04.30-09.09.57:383][245]LogModuleManager: Shutting down and abandoning module SceneOutliner (175)
[2015.04.30-09.09.57:383][245]LogModuleManager: Shutting down and abandoning module EditorWidgets (174)
[2015.04.30-09.09.57:383][245]LogModuleManager: Shutting down and abandoning module CollectionManager (173)
[2015.04.30-09.09.57:383][245]LogModuleManager: Shutting down and abandoning module StatsViewer (172)
[2015.04.30-09.09.57:383][245]LogModuleManager: Shutting down and abandoning module FoliageEdit (171)
[2015.04.30-09.09.57:383][245]LogModuleManager: Shutting down and abandoning module LandscapeEditor (170)
[2015.04.30-09.09.57:383][245]LogModuleManager: Shutting down and abandoning module MeshPaint (169)
[2015.04.30-09.09.57:383][245]LogModuleManager: Shutting down and abandoning module ActorPickerMode (168)
[2015.04.30-09.09.57:383][245]LogModuleManager: Shutting down and abandoning module GeometryMode (167)
[2015.04.30-09.09.57:383][245]LogModuleManager: Shutting down and abandoning module TextureAlignMode (166)
[2015.04.30-09.09.57:383][245]LogModuleManager: Shutting down and abandoning module BspMode (165)
[2015.04.30-09.09.57:383][245]LogModuleManager: Shutting down and abandoning module PlacementMode (164)
[2015.04.30-09.09.57:383][245]LogModuleManager: Shutting down and abandoning module AutomationWorker (163)
[2015.04.30-09.09.57:383][245]LogModuleManager: Shutting down and abandoning module CharacterAI (162)
[2015.04.30-09.09.57:383][245]LogModuleManager: Shutting down and abandoning module SmartSnapping (161)
[2015.04.30-09.09.57:383][245]LogModuleManager: Shutting down and abandoning module ViewportSnapping (160)
[2015.04.30-09.09.57:383][245]LogModuleManager: Shutting down and abandoning module LogVisualizer (159)
[2015.04.30-09.09.57:384][245]LogModuleManager: Shutting down and abandoning module GameProjectGeneration (158)
[2015.04.30-09.09.57:384][245]LogModuleManager: Shutting down and abandoning module IntroTutorials (157)
[2015.04.30-09.09.57:384][245]LogModuleManager: Shutting down and abandoning module EditorLiveStreaming (156)
[2015.04.30-09.09.57:384][245]LogModuleManager: Shutting down and abandoning module HardwareTargeting (155)
[2015.04.30-09.09.57:384][245]LogModuleManager: Shutting down and abandoning module DeviceProfileEditor (154)
[2015.04.30-09.09.57:384][245]LogModuleManager: Shutting down and abandoning module UndoHistory (153)
[2015.04.30-09.09.57:384][245]LogModuleManager: Shutting down and abandoning module GameplayTagsEditor (152)
[2015.04.30-09.09.57:384][245]LogModuleManager: Shutting down and abandoning module UserFeedback (151)
[2015.04.30-09.09.57:384][245]LogModuleManager: Shutting down and abandoning module XmlParser (150)
[2015.04.30-09.09.57:384][245]LogModuleManager: Shutting down and abandoning module Blutility (149)
[2015.04.30-09.09.57:384][245]LogModuleManager: Shutting down and abandoning module IOSPlatformEditor (148)
[2015.04.30-09.09.57:384][245]LogModuleManager: Shutting down and abandoning module IOSRuntimeSettings (147)
[2015.04.30-09.09.57:384][245]LogModuleManager: Shutting down and abandoning module AndroidDeviceDetection (146)
[2015.04.30-09.09.57:573][245]LogModuleManager: Shutting down and abandoning module AndroidPlatformEditor (145)
[2015.04.30-09.09.57:573][245]LogModuleManager: Shutting down and abandoning module AndroidRuntimeSettings (144)
[2015.04.30-09.09.57:573][245]LogModuleManager: Shutting down and abandoning module ProjectTargetPlatformEditor (143)
[2015.04.30-09.09.57:573][245]LogModuleManager: Shutting down and abandoning module ProjectSettingsViewer (142)
[2015.04.30-09.09.57:573][245]LogModuleManager: Shutting down and abandoning module InputBindingEditor (141)
[2015.04.30-09.09.57:573][245]LogModuleManager: Shutting down and abandoning module EditorSettingsViewer (140)
[2015.04.30-09.09.57:573][245]LogModuleManager: Shutting down and abandoning module SettingsEditor (139)
[2015.04.30-09.09.57:573][245]LogModuleManager: Shutting down and abandoning module ProjectLauncher (138)
[2015.04.30-09.09.57:573][245]LogModuleManager: Shutting down and abandoning module SessionFrontend (137)
[2015.04.30-09.09.57:573][245]LogModuleManager: Shutting down and abandoning module ProfilerClient (136)
[2015.04.30-09.09.57:573][245]LogModuleManager: Shutting down and abandoning module TargetDeviceServices (135)
[2015.04.30-09.09.57:573][245]LogModuleManager: Shutting down and abandoning module DeviceManager (134)
[2015.04.30-09.09.57:573][245]LogModuleManager: Shutting down and abandoning module AutomationController (133)
[2015.04.30-09.09.57:573][245]LogModuleManager: Shutting down and abandoning module AutomationWindow (132)
[2015.04.30-09.09.57:573][245]LogModuleManager: Shutting down and abandoning module Layers (131)
[2015.04.30-09.09.57:573][245]LogModuleManager: Shutting down and abandoning module ComponentVisualizers (130)
[2015.04.30-09.09.57:573][245]LogModuleManager: Shutting down and abandoning module DetailCustomizations (129)
[2015.04.30-09.09.57:573][245]LogModuleManager: Shutting down and abandoning module PackagesDialog (128)
[2015.04.30-09.09.57:573][245]LogModuleManager: Shutting down and abandoning module AssetRegistry (127)
[2015.04.30-09.09.57:679][245]LogModuleManager: Shutting down and abandoning module Persona (126)
[2015.04.30-09.09.57:679][245]LogModuleManager: Shutting down and abandoning module SlateReflector (125)
[2015.04.30-09.09.57:679][245]LogModuleManager: Shutting down and abandoning module LevelEditor (124)
[2015.04.30-09.09.57:680][245]LogModuleManager: Shutting down and abandoning module Kismet (123)
[2015.04.30-09.09.57:680][245]LogModuleManager: Shutting down and abandoning module GraphEditor (122)
[2015.04.30-09.09.57:680][245]LogModuleManager: Shutting down and abandoning module ClassViewer (121)
[2015.04.30-09.09.57:680][245]LogModuleManager: Shutting down and abandoning module Toolbox (120)
[2015.04.30-09.09.57:680][245]LogModuleManager: Shutting down and abandoning module ModuleUI (119)
[2015.04.30-09.09.57:680][245]LogModuleManager: Shutting down and abandoning module MovieSceneTools (118)
[2015.04.30-09.09.57:680][245]LogModuleManager: Shutting down and abandoning module OutputLog (117)
[2015.04.30-09.09.57:680][245]LogModuleManager: Shutting down and abandoning module GammaUI (116)
[2015.04.30-09.09.57:680][245]LogModuleManager: Shutting down and abandoning module Documentation (115)
[2015.04.30-09.09.57:680][245]LogModuleManager: Shutting down and abandoning module GameLiveStreaming (114)
[2015.04.30-09.09.57:680][245]LogModuleManager: Shutting down and abandoning module StreamingPauseRendering (113)
[2015.04.30-09.09.57:680][245]LogModuleManager: Shutting down and abandoning module HTTP (112)
[2015.04.30-09.09.57:681][245]LogModuleManager: Shutting down and abandoning module AnalyticsET (111)
[2015.04.30-09.09.57:681][245]LogModuleManager: Shutting down and abandoning module Analytics (110)
[2015.04.30-09.09.57:681][245]LogModuleManager: Shutting down and abandoning module AITestSuite (109)
[2015.04.30-09.09.57:681][245]LogModuleManager: Shutting down and abandoning module GameplayDebugger (108)
[2015.04.30-09.09.57:681][245]LogModuleManager: Shutting down and abandoning module AIModule (107)
[2015.04.30-09.09.57:681][245]LogModuleManager: Shutting down and abandoning module ProfilerService (106)
[2015.04.30-09.09.57:787][245]LogModuleManager: Shutting down and abandoning module TaskGraph (105)
[2015.04.30-09.09.57:787][245]LogModuleManager: Shutting down and abandoning module SlateRemote (104)
[2015.04.30-09.09.57:787][245]LogModuleManager: Shutting down and abandoning module ScriptEditorPlugin (103)
[2015.04.30-09.09.57:787][245]LogModuleManager: Shutting down and abandoning module CustomMeshComponent (102)
[2015.04.30-09.09.57:787][245]LogModuleManager: Shutting down and abandoning module CableComponent (101)
[2015.04.30-09.09.57:787][245]LogModuleManager: Shutting down and abandoning module MessagingDebugger (100)
[2015.04.30-09.09.57:787][245]LogModuleManager: Shutting down and abandoning module MediaPlayerEditor (99)
[2015.04.30-09.09.57:787][245]LogModuleManager: Shutting down and abandoning module SpeedTreeImporter (98)
[2015.04.30-09.09.57:787][245]LogModuleManager: Shutting down and abandoning module PluginsEditor (97)
[2015.04.30-09.09.57:787][245]LogModuleManager: Shutting down and abandoning module MainFrame (96)
[2015.04.30-09.09.57:787][245]LogModuleManager: Shutting down and abandoning module EpicSurvey (95)
[2015.04.30-09.09.57:787][245]LogModuleManager: Shutting down and abandoning module DesktopPlatform (94)
[2015.04.30-09.09.57:787][245]LogModuleManager: Shutting down and abandoning module DirectoryWatcher (93)
[2015.04.30-09.09.57:787][245]LogModuleManager: Shutting down and abandoning module HotReload (92)
[2015.04.30-09.09.57:787][245]LogModuleManager: Shutting down and abandoning module VisualStudioSourceCodeAccess (91)
[2015.04.30-09.09.57:787][245]LogModuleManager: Shutting down and abandoning module UObjectPlugin (90)
[2015.04.30-09.09.57:787][245]LogModuleManager: Shutting down and abandoning module SubversionSourceControl (89)
[2015.04.30-09.09.57:787][245]LogModuleManager: Shutting down and abandoning module PerforceSourceControl (88)
[2015.04.30-09.09.57:787][245]LogModuleManager: Shutting down and abandoning module SourceControl (87)
[2015.04.30-09.09.57:787][245]LogModuleManager: Shutting down and abandoning module GitSourceControl (86)
[2015.04.30-09.09.57:787][245]LogModuleManager: Shutting down and abandoning module BlankPlugin (85)
[2015.04.30-09.09.57:787][245]LogModuleManager: Shutting down and abandoning module PaperTiledImporter (84)
[2015.04.30-09.09.57:787][245]LogModuleManager: Shutting down and abandoning module PaperJsonImporter (83)
[2015.04.30-09.09.57:787][245]LogModuleManager: Shutting down and abandoning module ContentBrowser (82)
[2015.04.30-09.09.57:787][245]LogModuleManager: Shutting down and abandoning module Paper2DEditor (81)
[2015.04.30-09.09.57:787][245]LogModuleManager: Shutting down and abandoning module ScriptPlugin (80)
[2015.04.30-09.09.57:787][245]LogModuleManager: Shutting down and abandoning module UdpMessaging (79)
[2015.04.30-09.09.57:888][245]LogModuleManager: Shutting down and abandoning module Paper2D (78)
[2015.04.30-09.09.57:888][245]LogModuleManager: Shutting down and abandoning module WindowsMoviePlayer (77)
[2015.04.30-09.09.57:889][245]LogModuleManager: Shutting down and abandoning module Media (76)
[2015.04.30-09.09.57:889][245]LogModuleManager: Shutting down and abandoning module WmfMedia (75)
[2015.04.30-09.09.57:889][245]LogModuleManager: Shutting down and abandoning module OnlineBlueprintSupport (74)
[2015.04.30-09.09.57:889][245]LogModuleManager: Shutting down and abandoning module PropertyEditor (73)
[2015.04.30-09.09.57:889][245]LogModuleManager: Shutting down and abandoning module BehaviorTreeEditor (72)
[2015.04.30-09.09.57:889][245]LogModuleManager: Shutting down and abandoning module FunctionalTesting (71)
[2015.04.30-09.09.57:889][245]LogModuleManager: Shutting down and abandoning module CollisionAnalyzer (70)
[2015.04.30-09.09.57:889][245]LogModuleManager: Shutting down and abandoning module WorkspaceMenuStructure (69)
[2015.04.30-09.09.57:889][245]LogModuleManager: Shutting down and abandoning module MessageLog (68)
[2015.04.30-09.09.57:889][245]LogModuleManager: Shutting down and abandoning module Sequencer (67)
[2015.04.30-09.09.57:889][245]LogModuleManager: Shutting down and abandoning module AssetTools (66)
[2015.04.30-09.09.57:889][245]LogModuleManager: Shutting down and abandoning module UMGEditor (65)
[2015.04.30-09.09.57:889][245]LogModuleManager: Shutting down and abandoning module UMG (64)
[2015.04.30-09.09.57:889][245]LogModuleManager: Shutting down and abandoning module Slate (63)
[2015.04.30-09.09.57:889][245]LogModuleManager: Shutting down and abandoning module EditorStyle (62)
[2015.04.30-09.09.57:891][245]LogModuleManager: Shutting down and abandoning module SessionServices (61)
[2015.04.30-09.09.57:891][245]LogModuleManager: Shutting down and abandoning module SourceCodeAccess (60)
[2015.04.30-09.09.57:891][245]LogModuleManager: Shutting down and abandoning module HeadMountedDisplay (59)
[2015.04.30-09.09.57:891][245]LogModuleManager: Shutting down and abandoning module XAudio2 (58)
[2015.04.30-09.09.57:891][245]LogModuleManager: Shutting down and abandoning module Networking (56)
[2015.04.30-09.09.57:891][245]LogModuleManager: Shutting down and abandoning module Core (55)
[2015.04.30-09.09.57:891][245]LogModuleManager: Shutting down and abandoning module KismetCompiler (54)
[2015.04.30-09.09.57:891][245]LogModuleManager: Shutting down and abandoning module PhysXFormats (53)
[2015.04.30-09.09.57:891][245]LogModuleManager: Shutting down and abandoning module MeshUtilities (52)
[2015.04.30-09.09.57:891][245]LogModuleManager: Shutting down and abandoning module DerivedDataCache (51)
[2015.04.30-09.09.58:259][245]LogDerivedDataCache: Shutdown
[2015.04.30-09.09.58:259][245]LogModuleManager: Shutting down and abandoning module ShaderFormatOpenGL (50)
[2015.04.30-09.09.58:259][245]LogModuleManager: Shutting down and abandoning module ShaderFormatD3D (49)
[2015.04.30-09.09.58:259][245]LogModuleManager: Shutting down and abandoning module MetalShaderFormat (48)
[2015.04.30-09.09.58:259][245]LogModuleManager: Shutting down and abandoning module TextureFormatUncompressed (47)
[2015.04.30-09.09.58:259][245]LogModuleManager: Shutting down and abandoning module TextureFormatPVR (46)
[2015.04.30-09.09.58:259][245]LogModuleManager: Shutting down and abandoning module TextureFormatIntelISPCTexComp (45)
[2015.04.30-09.09.58:259][245]LogModuleManager: Shutting down and abandoning module TextureFormatDXT (44)
[2015.04.30-09.09.58:259][245]LogModuleManager: Shutting down and abandoning module ImageWrapper (43)
[2015.04.30-09.09.58:259][245]LogModuleManager: Shutting down and abandoning module TextureFormatASTC (42)
[2015.04.30-09.09.58:259][245]LogModuleManager: Shutting down and abandoning module TextureFormatAndroid (41)
[2015.04.30-09.09.58:259][245]LogModuleManager: Shutting down and abandoning module AudioFormatOpus (40)
[2015.04.30-09.09.58:259][245]LogModuleManager: Shutting down and abandoning module AudioFormatOgg (39)
[2015.04.30-09.09.58:259][245]LogModuleManager: Shutting down and abandoning module AudioFormatADPCM (38)
[2015.04.30-09.09.58:259][245]LogModuleManager: Shutting down and abandoning module LinuxTargetPlatform (37)
[2015.04.30-09.09.58:259][245]LogModuleManager: Shutting down and abandoning module LinuxServerTargetPlatform (36)
[2015.04.30-09.09.58:259][245]LogModuleManager: Shutting down and abandoning module LinuxNoEditorTargetPlatform (35)
[2015.04.30-09.09.58:259][245]LogModuleManager: Shutting down and abandoning module Messaging (34)
[2015.04.30-09.09.58:259][245]LogModuleManager: Shutting down and abandoning module IOSTargetPlatform (33)
[2015.04.30-09.09.58:259][245]LogModuleManager: Shutting down and abandoning module HTML5TargetPlatform (32)
[2015.04.30-09.09.58:259][245]LogModuleManager: Shutting down and abandoning module Android_PVRTCTargetPlatform (31)
[2015.04.30-09.09.58:259][245]LogModuleManager: Shutting down and abandoning module Android_ETC2TargetPlatform (30)
[2015.04.30-09.09.58:259][245]LogModuleManager: Shutting down and abandoning module Android_ETC1TargetPlatform (29)
[2015.04.30-09.09.58:259][245]LogModuleManager: Shutting down and abandoning module Android_ES31TargetPlatform (28)
[2015.04.30-09.09.58:259][245]LogModuleManager: Shutting down and abandoning module Android_DXTTargetPlatform (27)
[2015.04.30-09.09.58:259][245]LogModuleManager: Shutting down and abandoning module Android_ATCTargetPlatform (26)
[2015.04.30-09.09.58:259][245]LogModuleManager: Shutting down and abandoning module AndroidTargetPlatform (25)
[2015.04.30-09.09.58:259][245]LogModuleManager: Shutting down and abandoning module WindowsTargetPlatform (24)
[2015.04.30-09.09.58:259][245]LogModuleManager: Shutting down and abandoning module WindowsServerTargetPlatform (23)
[2015.04.30-09.09.58:259][245]LogModuleManager: Shutting down and abandoning module WindowsNoEditorTargetPlatform (22)
[2015.04.30-09.09.58:259][245]LogModuleManager: Shutting down and abandoning module WindowsClientTargetPlatform (21)
[2015.04.30-09.09.58:259][245]LogModuleManager: Shutting down and abandoning module TargetPlatform (20)
[2015.04.30-09.09.58:259][245]LogModuleManager: Shutting down and abandoning module InputCore (19)
[2015.04.30-09.09.58:259][245]LogModuleManager: Shutting down and abandoning module Settings (18)
[2015.04.30-09.09.58:259][245]LogModuleManager: Shutting down and abandoning module OnlineSubsystem (16)
[2015.04.30-09.09.58:259][245]LogModuleManager: Shutting down and abandoning module OculusRift (15)
[2015.04.30-09.09.58:259][245]LogModuleManager: Shutting down and abandoning module ExampleDeviceProfileSelector (14)
[2015.04.30-09.09.58:259][245]LogModuleManager: Shutting down and abandoning module TextureCompressor (13)
[2015.04.30-09.09.58:259][245]LogModuleManager: Shutting down and abandoning module ShaderCore (12)
[2015.04.30-09.09.58:259][245]LogModuleManager: Shutting down and abandoning module Landscape (11)
[2015.04.30-09.09.58:259][245]LogModuleManager: Shutting down and abandoning module SlateRHIRenderer (10)
[2015.04.30-09.09.58:260][245]LogModuleManager: Shutting down and abandoning module OpenGLDrv (9)
[2015.04.30-09.09.58:260][245]LogModuleManager: Shutting down and abandoning module D3D11RHI (8)
[2015.04.30-09.09.58:260][245]LogModuleManager: Shutting down and abandoning module Renderer (7)
[2015.04.30-09.09.58:260][245]LogModuleManager: Shutting down and abandoning module Engine (6)
[2015.04.30-09.09.58:260][245]LogModuleManager: Shutting down and abandoning module CoreUObject (5)
[2015.04.30-09.09.58:260][245]LogModuleManager: Shutting down and abandoning module NetworkFile (4)
[2015.04.30-09.09.58:260][245]LogModuleManager: Shutting down and abandoning module StreamingFile (3)
[2015.04.30-09.09.58:260][245]LogModuleManager: Shutting down and abandoning module SandboxFile (2)
[2015.04.30-09.09.58:260][245]LogModuleManager: Shutting down and abandoning module PakFile (1)
[2015.04.30-09.09.58:260][245]LogExit: Exiting.
[2015.04.30-09.09.58:262][245]Log file closed, 04/30/15 19:09:58
