Log file open, 04/21/15 09:20:19
LogInit:Display: Running engine for game: Skeleton_War_1
LogInit: Version: 4.7.6-2513093+++depot+UE4-Releases+4.7
LogInit: API Version: 2455222
LogInit: Compiled (64-bit): Apr 15 2015 12:09:54
LogInit: Compiled with Visual C++: 18.00.21005.01
LogInit: Build Configuration: Development
LogInit: Branch Name: ++depot+UE4-Releases+4.7
LogInit: Command line: 
LogInit: Base directory: C:/Program Files/Epic Games/4.7/Engine/Binaries/Win64/
LogInit: Rocket: 1
[2015.04.20-23.20.19:500][  0]LogTaskGraph: Started task graph with 3 named threads and 6 total threads.
[2015.04.20-23.20.19:552][  0]LogOnline:Warning: No default platform service specified for OnlineSubsystem
[2015.04.20-23.20.19:564][  0]LogInit: Presizing for 0 objects not considered by GC, pre-allocating 0 bytes.
[2015.04.20-23.20.19:570][  0]LogInit: Object subsystem initialized
[2015.04.20-23.20.19:571][  0]LogConsoleResponse:Warning: Skipping Unknown console variable: 'TranslucentSortAxis = (X=0.000000,Y=-1.000000,Z=0.000000)'
[2015.04.20-23.20.19:571][  0]LogConsoleResponse:Warning:   Found in ini file 'D:/SkeletonWar/Saved/Config/Windows/Engine.ini', in section '[/Script/Engine.RendererSettings]'
[2015.04.20-23.20.19:571][  0]LogConsoleResponse:Warning: Skipping Unknown console variable: 'UIScaleRule = ShortestSide'
[2015.04.20-23.20.19:571][  0]LogConsoleResponse:Warning:   Found in ini file 'D:/SkeletonWar/Saved/Config/Windows/Engine.ini', in section '[/Script/Engine.RendererSettings]'
[2015.04.20-23.20.19:571][  0]LogConsoleResponse:Warning: Skipping Unknown console variable: 'UIScaleCurve = (EditorCurveData=(Keys=),ExternalCurve=None)'
[2015.04.20-23.20.19:571][  0]LogConsoleResponse:Warning:   Found in ini file 'D:/SkeletonWar/Saved/Config/Windows/Engine.ini', in section '[/Script/Engine.RendererSettings]'
[2015.04.20-23.20.19:571][  0]LogInit: Selected Device Profile: [Windows]
[2015.04.20-23.20.19:571][  0]LogInit: Applying CVar settings loaded from the selected device profile: [Windows]
[2015.04.20-23.20.19:585][  0]LogInit: Computer: CHRIS-PC
[2015.04.20-23.20.19:585][  0]LogInit: User: Chris
[2015.04.20-23.20.19:585][  0]LogInit: CPU Page size=4096, Cores=4
[2015.04.20-23.20.19:585][  0]LogInit: High frequency timer resolution =3.984648 MHz
[2015.04.20-23.20.19:585][  0]LogMemory: Memory total: Physical=15.9GB (16GB approx) Virtual=131072.0GB
[2015.04.20-23.20.19:585][  0]LogMemory: Platform Memory Stats for Windows
[2015.04.20-23.20.19:585][  0]LogMemory: Process Physical Memory: 46.88 MB used, 46.88 MB peak
[2015.04.20-23.20.19:585][  0]LogMemory: Process Virtual Memory: 25.56 MB used, 25.56 MB peak
[2015.04.20-23.20.19:585][  0]LogMemory: Physical Memory: 3937.93 MB used, 16327.05 MB total
[2015.04.20-23.20.19:585][  0]LogMemory: Virtual Memory: 303.64 MB used, 134217728.00 MB total
[2015.04.20-23.20.19:602][  0]LogD3D11RHI: Found D3D11 adapter 0: NVIDIA GeForce GTX 970 (Feature Level 11_0)
[2015.04.20-23.20.19:602][  0]LogD3D11RHI: Adapter has 3977MB of dedicated video memory, 0MB of dedicated system memory, and 8163MB of shared system memory, 2 output[s]
[2015.04.20-23.20.19:603][  0]LogD3D11RHI: Found D3D11 adapter 1: Microsoft Basic Render Driver (Feature Level 11_0)
[2015.04.20-23.20.19:603][  0]LogD3D11RHI: Adapter has 0MB of dedicated video memory, 0MB of dedicated system memory, and 256MB of shared system memory, 0 output[s]
[2015.04.20-23.20.19:603][  0]LogD3D11RHI: Chosen D3D11 Adapter Id = 0
[2015.04.20-23.20.19:606][  0]LogRHI: Texture pool is 1361 MB (70% of 1945 MB)
[2015.04.20-23.20.19:612][  0]LogD3D11RHI: Async texture creation enabled
[2015.04.20-23.20.19:674][  0]LogTextLocalizationManager: The requested culture ('en_AU') has no localization data; parent culture's ('en') localization data will be used.
[2015.04.20-23.20.19:711][  0]LogTextLocalizationManager:Warning: Loading localization resources contain conflicting entries for (Namespace:UICommands, Key:Save_ToolTip):
Resource: (C:/Program Files/Epic Games/4.7/Engine/Content/Localization/Editor/en/Editor.locres) Hash: (-29098895) String: (Saves the current level to disk)
Resource: (C:/Program Files/Epic Games/4.7/Engine/Content/Localization/Engine/en/Engine.locres) Hash: (-1280300587) String: (Save selected data to vlog file)
[2015.04.20-23.20.19:711][  0]LogTextLocalizationManager:Warning: Loading localization resources contain conflicting entries for (Namespace:ContentBrowser, Key:ImportAssetToolTip):
Resource: (C:/Program Files/Epic Games/4.7/Engine/Content/Localization/Editor/en/Editor.locres) Hash: (-630476809) String: (Import to {0}...)
Resource: (C:/Program Files/Epic Games/4.7/Engine/Content/Localization/Editor/en/Editor.locres) Hash: (1271782899) String: (Imports an asset from file to this folder.)
[2015.04.20-23.20.19:764][  0]LogContentStreaming: Texture pool size is 0.000000MB
[2015.04.20-23.20.21:283][  0]LogTargetPlatformManager:Display: Building Assets For Windows
[2015.04.20-23.20.21:757][  0]LogTargetPlatformManager:Display: Building Assets For Windows
[2015.04.20-23.20.21:848][  0]LogDerivedDataCache:Display: Max Cache Size: 512 MB
[2015.04.20-23.20.21:881][  0]LogDerivedDataCache: Loaded boot cache 0.03s 39MB C:/Users/Chris/AppData/Local/UnrealEngine/4.7/DerivedDataCache/Boot.ddc.
[2015.04.20-23.20.21:881][  0]LogDerivedDataCache:Display: Loaded Boot cache: C:/Users/Chris/AppData/Local/UnrealEngine/4.7/DerivedDataCache/Boot.ddc
[2015.04.20-23.20.21:881][  0]LogDerivedDataCache: FDerivedDataBackendGraph:  Pak pak cache file D:/SkeletonWar/DerivedDataCache/DDC.ddp not found, will not use a pak cache.
[2015.04.20-23.20.21:881][  0]LogDerivedDataCache: Unable to find inner node Pak for hierarchical cache Hierarchy.
[2015.04.20-23.20.21:962][  0]LogDerivedDataCache:Display: Pak cache opened for reading ../../../Engine/DerivedDataCache/Compressed.ddp.
[2015.04.20-23.20.21:974][  0]LogDerivedDataCache: Using Local data cache path C:/Users/Chris/AppData/Local/UnrealEngine/Common/DerivedDataCache: Writable
[2015.04.20-23.20.22:165][  0]LogMeshUtilities: No automatic mesh reduction module available
[2015.04.20-23.20.22:165][  0]LogMeshUtilities: No automatic mesh merging module available
[2015.04.20-23.20.22:451][  0]LogInit: WinSock: version 1.1 (2.2), MaxSocks=32767, MaxUdp=65467
[2015.04.20-23.20.22:507][  0]LogSlate:Warning: Failed to load font data from '../../../Engine/Content/Slate/Fonts/Roboto-Italic.ttf'
[2015.04.20-23.20.23:043][  0]UdpMessaging: Initializing bridge on interface 0.0.0.0:0 to multicast group 230.0.0.1:6666.
[2015.04.20-23.20.23:222][  0]SourceControl: Info Source control is disabled
[2015.04.20-23.20.23:222][  0]SourceControl: Info Source control is disabled
[2015.04.20-23.20.23:222][  0]SourceControl: Info Source control is disabled
[2015.04.20-23.20.23:228][  0]LogSourceControl: RunCommandInternalRaw: 'git version'
[2015.04.20-23.20.23:228][  0]LogSourceControl: RunCommandInternalRaw: ExecProcess ReturnCode=2 OutResults=''
[2015.04.20-23.20.23:371][  0]LogObj: 24232 objects as part of root set at end of initial load.
[2015.04.20-23.20.23:371][  0]LogUObjectAllocator: 5137176 out of 0 bytes used by permanent object pool.
[2015.04.20-23.20.23:432][  0]LogEngine: Initializing Engine...
[2015.04.20-23.20.25:538][  0]LogInit: XAudio2 using 'Speakers (Realtek High Definition Audio)' : 2 channels at 48 kHz using 32 bits per sample (channel mask 0x3)
[2015.04.20-23.20.25:553][  0]LogInit: FAudioDevice initialized.
[2015.04.20-23.20.25:581][  0]LogAIModule: Creating AISystem for world NewWorld
[2015.04.20-23.20.25:596][  0]LogDerivedDataCache: Saved boot cache 0.01s 39MB C:/Users/Chris/AppData/Local/UnrealEngine/4.7/DerivedDataCache/Boot.ddc.
[2015.04.20-23.20.25:599][  0]LogInit: Texture streaming: Enabled
[2015.04.20-23.20.25:660][  0]LogAnalytics: Creating configured Analytics provider AnalyticsET
[2015.04.20-23.20.25:660][  0]LogAnalytics: ET APIKey = Rocket.Release. APIServer = http://et2.epicgames.com/ET2/. AppVersion = 4.7.6-2513093+++depot+UE4-Releases+4.7
[2015.04.20-23.20.25:660][  0]LogAnalytics: ET APIKey = Rocket.Release. DataRouterUploadURL = https://datarouter-public-service-gamedev.ol.epicgames.net/datarouter/api/v1/public/data. AppVersion = 4.7.6-2513093+++depot+UE4-Releases+4.7
[2015.04.20-23.20.25:660][  0]LogAnalytics: SetUserId 0f6c365d4e46cbfe358372b08dbb532d|770d8529f2544bdc815c51afc974608a|491587ad-d801-42c6-83e4-6e2235d9cefd
[2015.04.20-23.20.25:660][  0]LogAnalytics: AnalyticsET::StartSession [Rocket.Release]
[2015.04.20-23.20.25:679][  0]LogInit: Transaction tracking system initialized
[2015.04.20-23.20.25:832][  0]BlueprintLog: New page: Editor Load
[2015.04.20-23.20.25:861][  0]LogAssetRegistry: FAssetRegistry took 0.0111 seconds to start up
[2015.04.20-23.20.25:861][  0]LogDirectoryWatcher:Warning: Failed to begin reading directory changes for ../../../Engine/Plugins/Experimental/CharacterAI/Content/. Error: 0
[2015.04.20-23.20.26:294][  0]LogTargetPlatformManager:Display: Building Assets For Windows
[2015.04.20-23.20.26:564][  0]LogTargetPlatformManager:Display: Building Assets For Windows
[2015.04.20-23.20.26:769][  0]LogSlate:Warning: Failed to load font data from '../../../Engine/Content/Editor/Slate/Fonts/Roboto-Regular.ttf'
[2015.04.20-23.20.26:770][  0]LogSlate:Warning: Failed to load font data from '../../../Engine/Content/Editor/Slate/Fonts/Roboto-Bold.ttf'
[2015.04.20-23.20.26:772][  0]LogConsoleResponse:Display: 
[2015.04.20-23.20.26:851][  0]LogCook:Display: Done creating registry. It took  0.00s.
[2015.04.20-23.20.26:949][  0]LogSourceControl: RunCommandInternalRaw: 'git version'
[2015.04.20-23.20.26:949][  0]LogSourceControl: RunCommandInternalRaw: ExecProcess ReturnCode=2 OutResults=''
[2015.04.20-23.20.26:949][  0]Cmd: MAP LOAD FILE="D:/SkeletonWar/Content/ThirdPersonBP/Maps/ThirdPersonExampleMap.umap" TEMPLATE=0 SHOWPROGRESS=1 FEATURELEVEL=3
[2015.04.20-23.20.26:969][  0]LightingResults: New page: Lighting Build
[2015.04.20-23.20.26:977][  0]MapCheck: New page: Map Check
[2015.04.20-23.20.26:977][  0]LightingResults: New page: Lighting Build
[2015.04.20-23.20.26:982][  0]LogParticles: Destroying 0 GPU particle simulations for FXSystem 0x000000D3A44385E0
[2015.04.20-23.20.27:351][  0]LogLinker:Warning: Asset '../../../Engine/Content/EngineMeshes/Humanoid.uasset' has been saved with empty engine version. The asset will be loaded but may be incompatible.
[2015.04.20-23.20.28:543][  0]LogEditorServer: Finished looking for orphan Actors (0.000 secs)
[2015.04.20-23.20.29:616][  0]LogAIModule: Creating AISystem for world ThirdPersonExampleMap
[2015.04.20-23.20.29:617][  0]Cmd: MAP CHECKDEP
[2015.04.20-23.20.29:617][  0]MapCheck: New page: ThirdPersonExampleMap - 21 Apr 2015 7:20:29 pm
[2015.04.20-23.20.29:674][  0]MapCheck: Info Map check complete: 0 Error(s), 0 Warning(s), took 56.976ms to complete.
[2015.04.20-23.20.29:674][  0]LogFileHelpers: Loading map 'ThirdPersonExampleMap' took 2.725
[2015.04.20-23.20.29:790][  0]LogCollectionManager: Loaded 0 collections in 0.001360 seconds
[2015.04.20-23.20.29:796][  0]LogContentBrowser: Native class hierarchy populated in 0.0060 seconds. Added 1696 classes and 261 folders.
[2015.04.20-23.20.29:839][  0]LogContentBrowser: Native class hierarchy updated for 'SceneOutliner' in 0.0013 seconds. Added 1 classes and 2 folders.
[2015.04.20-23.20.29:908][  0]LogCrashTracker: Crashtracker disabled due to settings.
[2015.04.20-23.20.29:909][  0]LogSlate:Warning: Failed to load font data from 'Veranda'
[2015.04.20-23.20.29:913][  0]LogUObjectGlobals:Warning: Failed to find object 'Class None.'
[2015.04.20-23.20.29:938][  0]LogLoad: Full Startup: 12.20 seconds (BP compile: 0.46 seconds)
[2015.04.20-23.20.29:951][  0]LogContentBrowser:Verbose: The content browser source was changed by the sources view to '/Game/SkeletonWar/Characters'
[2015.04.20-23.20.30:073][  0]LogRenderer:Warning: Reallocating scene render targets to support 1208x680 (Frame:2).
[2015.04.20-23.20.30:238][  2]LogAssetRegistry: Asset discovery search completed in 4.3888 seconds
[2015.04.20-23.22.01:335][300]LogEditorViewport: Clicking on Actor (LMB): StaticMeshActor (Floor)
[2015.04.20-23.22.03:198][485]LogPlayLevel: PIE:  No blueprints needed recompiling
[2015.04.20-23.22.03:198][485]PIE: New page: PIE session: ThirdPersonExampleMap (21 Apr 2015 7:22:03 pm)
[2015.04.20-23.22.03:208][485]LogPlayLevel: PIE: StaticDuplicateObject took: (0.009988s)
[2015.04.20-23.22.03:209][485]LogPlayLevel: PIE: World Init took: (0.000516s)
[2015.04.20-23.22.03:209][485]LogPlayLevel: PIE: Created PIE world by copying editor world from /Game/ThirdPersonBP/Maps/ThirdPersonExampleMap.ThirdPersonExampleMap to /Game/ThirdPersonBP/Maps/UEDPIE_0_ThirdPersonExampleMap.ThirdPersonExampleMap (0.010684s)
[2015.04.20-23.22.03:260][485]LogWorld: Game class is 'Skele_GameMode_C'
[2015.04.20-23.22.03:261][485]LogAIModule: Creating AISystem for world ThirdPersonExampleMap
[2015.04.20-23.22.03:264][485]LogWorld: Bringing World /Game/ThirdPersonBP/Maps/UEDPIE_0_ThirdPersonExampleMap.ThirdPersonExampleMap up for play (max tick rate 0) at 2015.04.21-09.22.03
[2015.04.20-23.22.03:264][485]LogWorld: Bringing up level for play took: 0.002611
[2015.04.20-23.22.03:267][485]PIE: Info Play in editor start time for /Game/ThirdPersonBP/Maps/UEDPIE_0_ThirdPersonExampleMap 1.001
[2015.04.20-23.22.53:686][526]LogParticles: Destroying 0 GPU particle simulations for FXSystem 0x000000D395F60220
[2015.04.20-23.22.56:667][849]LogContentBrowser:Verbose: The content browser source was changed by the sources view to '/Game/SkeletonWar/Blueprints'
[2015.04.20-23.22.57:328][927]LogContentBrowser:Verbose: The content browser source was changed by the sources view to '/Game/SkeletonWar/Characters'
[2015.04.20-23.22.58:872][ 39]LogSkeletalMesh: InitArticulated: Bodies already created (/Engine/Transient.DebugSkelMeshComponent_0) - call TermArticulated first.
[2015.04.20-23.22.58:946][ 39]LogLinker:Warning: Asset '../../../Engine/Content/Tutorial/SubEditors/PersonaAnimEditorTutorial.uasset' has been saved with empty engine version. The asset will be loaded but may be incompatible.
[2015.04.20-23.22.58:997][ 39]LogContentBrowser:Verbose: The majority of assets in the view are of type: AnimSequence
[2015.04.20-23.23.35:085][199]LogContentBrowser:Verbose: The content browser source was changed by the sources view to '/Game/SkeletonWar/Animations'
[2015.04.20-23.23.36:771][336]LogContentBrowser:Verbose: The majority of assets in the view are of type: AnimSequence
[2015.04.20-23.24.16:203][ 13]LogSkeletalMesh: InitArticulated: Bodies already created (/Engine/Transient.DebugSkelMeshComponent_5) - call TermArticulated first.
[2015.04.20-23.24.16:283][ 13]LogContentBrowser:Verbose: The majority of assets in the view are of type: AnimSequence
[2015.04.20-23.25.35:059][442]LogContentBrowser:Verbose: The content browser source was changed by the sources view to '/Game/SkeletonWar/Characters'
[2015.04.20-23.25.39:957][948]LogContentBrowser:Verbose: The content browser source was changed by the sources view to '/Game/SkeletonWar/Blueprints'
[2015.04.20-23.26.27:348][550]LogContentBrowser:Verbose: The content browser source was changed by the sources view to '/Game/SkeletonWar/Animations'
[2015.04.20-23.26.28:508][688]LogContentBrowser:Verbose: The content browser source was changed by the sources view to '/Game/SkeletonWar/Characters'
[2015.04.20-23.26.29:608][789]LogSkeletalMesh: InitArticulated: Bodies already created (/Engine/Transient.DebugSkelMeshComponent_8) - call TermArticulated first.
[2015.04.20-23.26.29:684][789]LogContentBrowser:Verbose: The majority of assets in the view are of type: AnimSequence
[2015.04.20-23.31.20:254][234]LogActorComponent: UnregisterComponent: (/Engine/Transient.CharMoveComp) Not registered. Aborting.
[2015.04.20-23.31.20:272][234]LogParticles: Destroying 0 GPU particle simulations for FXSystem 0x000000D3D182F100
[2015.04.20-23.31.20:272][234]LogParticles: Destroying 0 GPU particle simulations for FXSystem 0x000000D3A44E7A60
[2015.04.20-23.31.20:272][234]LogParticles: Destroying 0 GPU particle simulations for FXSystem 0x000000D3A44E44A0
[2015.04.20-23.31.20:274][234]LogParticles: Destroying 0 GPU particle simulations for FXSystem 0x000000D3DDBFA700
[2015.04.20-23.31.20:274][234]LogParticles: Destroying 0 GPU particle simulations for FXSystem 0x000000D3D471E8E0
[2015.04.20-23.31.20:274][234]LogParticles: Destroying 0 GPU particle simulations for FXSystem 0x000000D3D7D565C0
[2015.04.20-23.31.20:274][234]LogParticles: Destroying 0 GPU particle simulations for FXSystem 0x000000D3D471D940
[2015.04.20-23.31.20:274][234]LogParticles: Destroying 0 GPU particle simulations for FXSystem 0x000000D3D471F380
[2015.04.20-23.31.20:275][234]LogParticles: Destroying 0 GPU particle simulations for FXSystem 0x000000D3D8002200
[2015.04.20-23.31.20:275][234]LogParticles: Destroying 0 GPU particle simulations for FXSystem 0x000000D3D182FEC0
[2015.04.20-23.31.20:286][234]LogFileHelpers: Editor autosave (incl. sublevels) for '/Game/ThirdPersonBP/Maps/ThirdPersonExampleMap' took 0.032
[2015.04.20-23.31.20:321][234]OBJ SavePackage: Generating thumbnails for [1] asset(s) in package [/Game/SkeletonWar/Characters/Skele_AnimBP] ([1] browsable assets)...
[2015.04.20-23.31.20:342][234]OBJ SavePackage:     Rendered thumbnail for [AnimBlueprint /Game/SkeletonWar/Characters/Skele_AnimBP.Skele_AnimBP]
[2015.04.20-23.31.20:342][234]OBJ SavePackage: Finished generating thumbnails for package [/Game/SkeletonWar/Characters/Skele_AnimBP]
[2015.04.20-23.31.20:343][234]Cmd: OBJ SAVEPACKAGE PACKAGE="/Game/SkeletonWar/Characters/Skele_AnimBP" FILE="D:/SkeletonWar/Saved/Autosaves/Game/SkeletonWar/Characters/Skele_AnimBP_Auto1.uasset" SILENT=false AUTOSAVING=true
[2015.04.20-23.31.20:900][234]LogSavePackage: Save=304.883636ms
[2015.04.20-23.31.20:900][234]LogSavePackage: Moving 'D:/SkeletonWar/Saved/Skele_AnimBP_Auto1BE961A7D472CA38F660FF9837FE4AF0F.tmp' to 'D:/SkeletonWar/Saved/Autosaves/Game/SkeletonWar/Characters/Skele_AnimBP_Auto1.uasset'
[2015.04.20-23.31.20:903][234]LogFileHelpers: Auto-saving content packages took 0.617
[2015.04.20-23.31.42:536][830]BlueprintLog: New page: Compile Skele_AnimBP
[2015.04.20-23.31.42:621][830]BlueprintEditorCompileResults: Info [0684.88] Compile of Skele_AnimBP successful! [in 85 ms]
[2015.04.20-23.32.36:725][316]Cmd: OBJ SAVEPACKAGE PACKAGE="/Game/SkeletonWar/Characters/Skele_AnimBP" FILE="D:/SkeletonWar/Content/SkeletonWar/Characters/Skele_AnimBP.uasset" SILENT=true
[2015.04.20-23.32.36:986][316]LogSavePackage: Save=258.967407ms
[2015.04.20-23.32.36:986][316]LogSavePackage: Moving 'D:/SkeletonWar/Saved/Skele_AnimBP9D06CA2F4D600CA15581BB8EAC45D828.tmp' to 'D:/SkeletonWar/Content/SkeletonWar/Characters/Skele_AnimBP.uasset'
[2015.04.20-23.34.15:612][245]Cmd: OBJ SAVEPACKAGE PACKAGE="/Game/SkeletonWar/Characters/Skele_AnimBP" FILE="D:/SkeletonWar/Content/SkeletonWar/Characters/Skele_AnimBP.uasset" SILENT=true
[2015.04.20-23.34.15:874][245]LogSavePackage: Save=259.036194ms
[2015.04.20-23.34.15:874][245]LogSavePackage: Moving 'D:/SkeletonWar/Saved/Skele_AnimBP46C43D2442AB8EA3C357F09D0C658C76.tmp' to 'D:/SkeletonWar/Content/SkeletonWar/Characters/Skele_AnimBP.uasset'
[2015.04.20-23.34.17:378][424]BlueprintLog: New page: Compile Skele_AnimBP
[2015.04.20-23.34.17:465][424]BlueprintEditorCompileResults: Info [0839.73] Compile of Skele_AnimBP successful! [in 87 ms]
[2015.04.20-23.35.09:843][520]BlueprintLog: New page: Compile Skele_AnimBP
[2015.04.20-23.35.09:884][520]LogBlueprint:Error: [compiler] Error This blueprint (self) is not a SkeletalMeshComponent, therefore ' Target ' must have a connection.
[2015.04.20-23.35.09:970][520]LogBlueprint:Warning: [compiler] Warning [0892.23] Compile of Skele_AnimBP failed. 1 Fatal Issue(s) 0 Warning(s) [in 127 ms]
[2015.04.20-23.35.09:970][520]BlueprintEditorCompileResults:Error: Error This blueprint (self) is not a SkeletalMeshComponent, therefore ' Target ' must have a connection.
[2015.04.20-23.35.09:970][520]BlueprintEditorCompileResults:Warning: Warning [0892.23] Compile of Skele_AnimBP failed. 1 Fatal Issue(s) 0 Warning(s) [in 127 ms]
[2015.04.20-23.37.10:704][576]BlueprintLog: New page: Compile Skele_AnimBP
[2015.04.20-23.37.10:792][576]BlueprintEditorCompileResults: Info [1013.05] Compile of Skele_AnimBP successful! [in 87 ms]
[2015.04.20-23.37.48:579][558]BlueprintLog: New page: Compile Skele_BP
[2015.04.20-23.37.48:668][558]BlueprintEditorCompileResults: Info [1050.93] Compile of Skele_BP successful! [in 89 ms]
[2015.04.20-23.38.09:375][706]LogContentBrowser:Verbose: The content browser source was changed by the sources view to '/Game/SkeletonWar/Animations'
[2015.04.20-23.38.10:734][816]LogContentBrowser:Verbose: The majority of assets in the view are of type: AnimSequence
[2015.04.20-23.38.51:245][733]BlueprintLog: New page: Compile Skele_BP
[2015.04.20-23.38.51:329][733]LogParticles: Destroying 0 GPU particle simulations for FXSystem 0x000000D3E03B9940
[2015.04.20-23.38.51:329][733]LogParticles: Destroying 0 GPU particle simulations for FXSystem 0x000000D3DB889A80
[2015.04.20-23.38.51:330][733]LogParticles: Destroying 0 GPU particle simulations for FXSystem 0x000000D3DBB2EB60
[2015.04.20-23.38.51:330][733]LogParticles: Destroying 0 GPU particle simulations for FXSystem 0x000000D3DBB2F7E0
[2015.04.20-23.38.51:330][733]LogParticles: Destroying 0 GPU particle simulations for FXSystem 0x000000D3DBE1E700
[2015.04.20-23.38.51:339][733]BlueprintEditorCompileResults: Info [1113.60] Compile of Skele_BP successful! [in 93 ms]
[2015.04.20-23.38.52:863][914]BlueprintLog: New page: Pre-PIE auto-recompile
[2015.04.20-23.38.52:865][914]LogPlayLevel: [PIE] Compiling Skele_AnimBP before PIE...
[2015.04.20-23.38.52:949][914]LogPlayLevel: PIE:  Blueprint regeneration took 86 ms (1 blueprints)
[2015.04.20-23.38.52:949][914]PIE: New page: PIE session: ThirdPersonExampleMap (21 Apr 2015 7:38:52 pm)
[2015.04.20-23.38.52:965][914]LogPlayLevel: PIE: StaticDuplicateObject took: (0.015844s)
[2015.04.20-23.38.52:966][914]LogPlayLevel: PIE: World Init took: (0.000644s)
[2015.04.20-23.38.52:966][914]LogPlayLevel: PIE: Created PIE world by copying editor world from /Game/ThirdPersonBP/Maps/ThirdPersonExampleMap.ThirdPersonExampleMap to /Game/ThirdPersonBP/Maps/UEDPIE_0_ThirdPersonExampleMap.ThirdPersonExampleMap (0.016667s)
[2015.04.20-23.38.53:006][914]LogWorld: Game class is 'Skele_GameMode_C'
[2015.04.20-23.38.53:007][914]LogAIModule: Creating AISystem for world ThirdPersonExampleMap
[2015.04.20-23.38.53:010][914]LogWorld: Bringing World /Game/ThirdPersonBP/Maps/UEDPIE_0_ThirdPersonExampleMap.ThirdPersonExampleMap up for play (max tick rate 0) at 2015.04.21-09.38.53
[2015.04.20-23.38.53:010][914]LogWorld: Bringing up level for play took: 0.002532
[2015.04.20-23.38.53:024][914]PIE: Info Play in editor start time for /Game/ThirdPersonBP/Maps/UEDPIE_0_ThirdPersonExampleMap 0.758
[2015.04.20-23.38.53:031][914]LogRenderer:Warning: Reallocating scene render targets to support 1296x760 (Frame:154346).
[2015.04.20-23.39.06:973][571]LogParticles: Destroying 0 GPU particle simulations for FXSystem 0x000000D3E0F2B560
[2015.04.20-23.41.35:525][110]LogFileHelpers: Editor autosave (incl. sublevels) for '/Game/ThirdPersonBP/Maps/ThirdPersonExampleMap' took 0.014
[2015.04.20-23.41.35:556][110]OBJ SavePackage: Generating thumbnails for [1] asset(s) in package [/Game/SkeletonWar/Blueprints/Skele_BP] ([1] browsable assets)...
[2015.04.20-23.41.35:596][110]OBJ SavePackage:     Rendered thumbnail for [Blueprint /Game/SkeletonWar/Blueprints/Skele_BP.Skele_BP]
[2015.04.20-23.41.35:596][110]OBJ SavePackage: Finished generating thumbnails for package [/Game/SkeletonWar/Blueprints/Skele_BP]
[2015.04.20-23.41.35:597][110]Cmd: OBJ SAVEPACKAGE PACKAGE="/Game/SkeletonWar/Blueprints/Skele_BP" FILE="D:/SkeletonWar/Saved/Autosaves/Game/SkeletonWar/Blueprints/Skele_BP_Auto2.uasset" SILENT=false AUTOSAVING=true
[2015.04.20-23.41.35:932][110]LogSavePackage: Save=330.581512ms
[2015.04.20-23.41.35:932][110]LogSavePackage: Moving 'D:/SkeletonWar/Saved/Skele_BP_Auto2C504D9614BCBFC1E3B2978A0C23E0FD7.tmp' to 'D:/SkeletonWar/Saved/Autosaves/Game/SkeletonWar/Blueprints/Skele_BP_Auto2.uasset'
[2015.04.20-23.41.35:970][110]OBJ SavePackage: Generating thumbnails for [1] asset(s) in package [/Game/SkeletonWar/Characters/Skele_AnimBP] ([1] browsable assets)...
[2015.04.20-23.41.36:009][110]OBJ SavePackage:     Rendered thumbnail for [AnimBlueprint /Game/SkeletonWar/Characters/Skele_AnimBP.Skele_AnimBP]
[2015.04.20-23.41.36:009][110]OBJ SavePackage: Finished generating thumbnails for package [/Game/SkeletonWar/Characters/Skele_AnimBP]
[2015.04.20-23.41.36:009][110]Cmd: OBJ SAVEPACKAGE PACKAGE="/Game/SkeletonWar/Characters/Skele_AnimBP" FILE="D:/SkeletonWar/Saved/Autosaves/Game/SkeletonWar/Characters/Skele_AnimBP_Auto2.uasset" SILENT=false AUTOSAVING=true
[2015.04.20-23.41.36:369][110]LogSavePackage: Save=356.399109ms
[2015.04.20-23.41.36:370][110]LogSavePackage: Moving 'D:/SkeletonWar/Saved/Skele_AnimBP_Auto24727B56D42E1518A36BEC29DEB7DC26F.tmp' to 'D:/SkeletonWar/Saved/Autosaves/Game/SkeletonWar/Characters/Skele_AnimBP_Auto2.uasset'
[2015.04.20-23.41.36:375][110]LogFileHelpers: Auto-saving content packages took 0.850
[2015.04.20-23.41.57:313][146]BlueprintLog: New page: Compile Skele_BP
[2015.04.20-23.41.57:380][146]LogActorComponent: UnregisterComponent: (/Engine/Transient.CharMoveComp) Not registered. Aborting.
[2015.04.20-23.41.57:399][146]BlueprintEditorCompileResults: Info [1299.66] Compile of Skele_BP successful! [in 86 ms]
[2015.04.20-23.42.08:472][211]LogContentBrowser:Verbose: The content browser source was changed by the sources view to '/Game/SkeletonWar/Animations'
[2015.04.20-23.42.19:766][536]LogSkeletalMesh: InitArticulated: Bodies already created (/Engine/Transient.DebugSkelMeshComponent_12) - call TermArticulated first.
[2015.04.20-23.42.19:841][536]LogContentBrowser:Verbose: The majority of assets in the view are of type: AnimSequence
[2015.04.20-23.45.49:028][189]LogEditorTransaction: Undo Add Slot
[2015.04.20-23.47.20:324][401]LogParticles: Destroying 0 GPU particle simulations for FXSystem 0x000000D3EC97A840
[2015.04.20-23.47.20:388][401]Cmd: OBJ SAVEPACKAGE PACKAGE="/Game/SkeletonWar/Blueprints/Skele_BP" FILE="D:/SkeletonWar/Content/SkeletonWar/Blueprints/Skele_BP.uasset" SILENT=true
[2015.04.20-23.47.20:667][401]LogSavePackage: Save=274.245056ms
[2015.04.20-23.47.20:667][401]LogSavePackage: Moving 'D:/SkeletonWar/Saved/Skele_BPC903BAEC49809C8101974A901FF239EF.tmp' to 'D:/SkeletonWar/Content/SkeletonWar/Blueprints/Skele_BP.uasset'
[2015.04.20-23.47.20:673][401]Cmd: OBJ SAVEPACKAGE PACKAGE="/Game/SkeletonWar/Characters/Skele_AnimBP" FILE="D:/SkeletonWar/Content/SkeletonWar/Characters/Skele_AnimBP.uasset" SILENT=true
[2015.04.20-23.47.20:727][401]LogSavePackage: Save=50.132156ms
[2015.04.20-23.47.20:727][401]LogSavePackage: Moving 'D:/SkeletonWar/Saved/Skele_AnimBPEEB2B8524ADFC8F6D847B7A704E5B188.tmp' to 'D:/SkeletonWar/Content/SkeletonWar/Characters/Skele_AnimBP.uasset'
[2015.04.20-23.47.20:733][401]Cmd: OBJ SAVEPACKAGE PACKAGE="/Game/SkeletonWar/Characters/Skele_Skeleton" FILE="D:/SkeletonWar/Content/SkeletonWar/Characters/Skele_Skeleton.uasset" SILENT=true
[2015.04.20-23.47.20:738][401]LogSavePackage: Save=1.680701ms
[2015.04.20-23.47.20:738][401]LogSavePackage: Moving 'D:/SkeletonWar/Saved/Skele_Skeleton96B2EABE42DE06727C9F448FCF5DC69D.tmp' to 'D:/SkeletonWar/Content/SkeletonWar/Characters/Skele_Skeleton.uasset'
[2015.04.20-23.47.20:753][401]Cmd: OBJ SAVEPACKAGE PACKAGE="/Game/SkeletonWar/Animations/Attack_AnimMontage" FILE="D:/SkeletonWar/Content/SkeletonWar/Animations/Attack_AnimMontage.uasset" SILENT=true
[2015.04.20-23.47.20:970][401]LogSavePackage: Save=215.449402ms
[2015.04.20-23.47.20:970][401]LogSavePackage: Moving 'D:/SkeletonWar/Saved/Attack_AnimMontage6A0C89624583A5D572EAF796003BE745.tmp' to 'D:/SkeletonWar/Content/SkeletonWar/Animations/Attack_AnimMontage.uasset'
[2015.04.20-23.47.26:774][ 63]LogContentBrowser:Verbose: The content browser source was changed by the sources view to '/Game/SkeletonWar/Meshes'
[2015.04.20-23.47.29:031][331]LogContentBrowser:Verbose: The content browser source was changed by the sources view to '/Game/SkeletonWar/Characters'
[2015.04.20-23.47.30:707][506]LogContentBrowser:Verbose: The content browser source was changed by the sources view to '/Game/SkeletonWar/Animations'
[2015.04.20-23.47.32:979][756]LogContentBrowser:Verbose: The content browser source was changed by the sources view to '/Game/SkeletonWar/Characters'
[2015.04.20-23.47.34:615][926]LogContentBrowser:Verbose: The content browser source was changed by the sources view to '/Game/SkeletonWar/Blueprints'
[2015.04.20-23.47.36:404][140]LogContentBrowser:Verbose: The content browser source was changed by the sources view to '/Game/SkeletonWar/Characters'
[2015.04.20-23.47.38:124][301]LogSkeletalMesh: InitArticulated: Bodies already created (/Engine/Transient.DebugSkelMeshComponent_15) - call TermArticulated first.
[2015.04.20-23.47.46:890][323]LogRenderer:Warning: Reallocating scene render targets to support 1296x1080 (Frame:202451).
[2015.04.20-23.47.46:890][323]LogContentBrowser:Verbose: The majority of assets in the view are of type: AnimSequence
[2015.04.20-23.49.25:214][ 85]LogEditorTransaction: Undo Delete current selection
[2015.04.20-23.49.25:238][ 85]LogActorComponent: UnregisterComponent: (/Engine/Transient.CharMoveComp) Not registered. Aborting.
[2015.04.20-23.49.27:783][352]LogEditorTransaction: Undo Rename Node
[2015.04.20-23.49.28:209][393]LogEditorTransaction: Undo Add Node
[2015.04.20-23.49.28:709][446]LogEditorTransaction: Undo Delete current selection
[2015.04.20-23.49.29:293][509]LogEditorTransaction: Undo Rename Node
[2015.04.20-23.49.29:835][564]LogEditorTransaction: Undo Add Node
[2015.04.20-23.49.30:286][611]LogEditorTransaction: Undo Rename Slot
[2015.04.20-23.49.30:813][667]LogEditorTransaction: Undo Add New Slot Node Name
[2015.04.20-23.49.37:473][411]LogContentBrowser:Verbose: The content browser source was changed by the sources view to '/Game/SkeletonWar/Animations'
[2015.04.20-23.49.38:501][487]LogContentBrowser:Verbose: The majority of assets in the view are of type: AnimSequence
[2015.04.20-23.49.43:091][ 26]LogParticles: Destroying 0 GPU particle simulations for FXSystem 0x000000D3DBB2CAE0
[2015.04.20-23.49.43:092][ 26]LogParticles: Destroying 0 GPU particle simulations for FXSystem 0x000000D3EC3AD8A0
[2015.04.20-23.49.43:092][ 26]LogParticles: Destroying 0 GPU particle simulations for FXSystem 0x000000D3DA5F82C0
[2015.04.20-23.49.43:093][ 26]LogParticles: Destroying 0 GPU particle simulations for FXSystem 0x000000D3D960D9E0
[2015.04.20-23.49.43:093][ 26]LogParticles: Destroying 0 GPU particle simulations for FXSystem 0x000000D3D960E700
[2015.04.20-23.49.43:093][ 26]LogParticles: Destroying 0 GPU particle simulations for FXSystem 0x000000D3D0642520
[2015.04.20-23.49.43:160][ 26]Cmd: OBJ SAVEPACKAGE PACKAGE="/Game/SkeletonWar/Blueprints/Skele_BP" FILE="D:/SkeletonWar/Content/SkeletonWar/Blueprints/Skele_BP.uasset" SILENT=true
[2015.04.20-23.49.43:432][ 26]LogSavePackage: Save=268.452332ms
[2015.04.20-23.49.43:432][ 26]LogSavePackage: Moving 'D:/SkeletonWar/Saved/Skele_BP3BB52D07466C8BD3190D8296D27E3373.tmp' to 'D:/SkeletonWar/Content/SkeletonWar/Blueprints/Skele_BP.uasset'
[2015.04.20-23.49.43:445][ 26]Cmd: OBJ SAVEPACKAGE PACKAGE="/Game/SkeletonWar/Characters/Skele_AnimBP" FILE="D:/SkeletonWar/Content/SkeletonWar/Characters/Skele_AnimBP.uasset" SILENT=true
[2015.04.20-23.49.43:700][ 26]LogSavePackage: Save=252.129669ms
[2015.04.20-23.49.43:700][ 26]LogSavePackage: Moving 'D:/SkeletonWar/Saved/Skele_AnimBP991179694EAA5911F99D9CA1D5CA49AB.tmp' to 'D:/SkeletonWar/Content/SkeletonWar/Characters/Skele_AnimBP.uasset'
[2015.04.20-23.49.43:713][ 26]Cmd: OBJ SAVEPACKAGE PACKAGE="/Game/SkeletonWar/Animations/Attack_AnimMontage" FILE="D:/SkeletonWar/Content/SkeletonWar/Animations/Attack_AnimMontage.uasset" SILENT=true
[2015.04.20-23.49.43:929][ 26]LogSavePackage: Save=212.104309ms
[2015.04.20-23.49.43:929][ 26]LogSavePackage: Moving 'D:/SkeletonWar/Saved/Attack_AnimMontageB4AE14464278E6C6DC72E4A0E39269F3.tmp' to 'D:/SkeletonWar/Content/SkeletonWar/Animations/Attack_AnimMontage.uasset'
[2015.04.20-23.49.50:131][742]LogSkeletalMesh: InitArticulated: Bodies already created (/Engine/Transient.DebugSkelMeshComponent_20) - call TermArticulated first.
[2015.04.20-23.49.50:204][742]LogContentBrowser:Verbose: The majority of assets in the view are of type: AnimSequence
[2015.04.20-23.49.57:640][557]LogContentBrowser:Verbose: The content browser source was changed by the sources view to '/Game/SkeletonWar/Characters'
[2015.04.20-23.49.59:822][742]LogSkeletalMesh: InitArticulated: Bodies already created (/Engine/Transient.DebugSkelMeshComponent_22) - call TermArticulated first.
[2015.04.20-23.50.36:505][ 88]LogContentBrowser:Verbose: The majority of assets in the view are of type: AnimSequence
[2015.04.20-23.51.39:312][431]LogActorComponent: UnregisterComponent: (/Engine/Transient.CharMoveComp) Not registered. Aborting.
[2015.04.20-23.51.39:329][431]LogParticles: Destroying 0 GPU particle simulations for FXSystem 0x000000D3DDF165C0
[2015.04.20-23.51.39:329][431]LogParticles: Destroying 0 GPU particle simulations for FXSystem 0x000000D3DDF17420
[2015.04.20-23.51.39:330][431]LogParticles: Destroying 0 GPU particle simulations for FXSystem 0x000000D3EB947D80
[2015.04.20-23.51.39:334][431]LogFileHelpers: Editor autosave (incl. sublevels) for '/Game/ThirdPersonBP/Maps/ThirdPersonExampleMap' took 0.022
[2015.04.20-23.51.39:370][431]OBJ SavePackage: Generating thumbnails for [1] asset(s) in package [/Game/SkeletonWar/Characters/Skele_AnimBP] ([1] browsable assets)...
[2015.04.20-23.51.39:393][431]OBJ SavePackage:     Rendered thumbnail for [AnimBlueprint /Game/SkeletonWar/Characters/Skele_AnimBP.Skele_AnimBP]
[2015.04.20-23.51.39:393][431]OBJ SavePackage: Finished generating thumbnails for package [/Game/SkeletonWar/Characters/Skele_AnimBP]
[2015.04.20-23.51.39:394][431]Cmd: OBJ SAVEPACKAGE PACKAGE="/Game/SkeletonWar/Characters/Skele_AnimBP" FILE="D:/SkeletonWar/Saved/Autosaves/Game/SkeletonWar/Characters/Skele_AnimBP_Auto3.uasset" SILENT=false AUTOSAVING=true
[2015.04.20-23.51.39:709][431]LogSavePackage: Save=312.111389ms
[2015.04.20-23.51.39:710][431]LogSavePackage: Moving 'D:/SkeletonWar/Saved/Skele_AnimBP_Auto3908594454E53B4A1083B849BF31F862E.tmp' to 'D:/SkeletonWar/Saved/Autosaves/Game/SkeletonWar/Characters/Skele_AnimBP_Auto3.uasset'
[2015.04.20-23.51.39:713][431]LogFileHelpers: Auto-saving content packages took 0.379
[2015.04.20-23.53.00:818][ 51]BlueprintLog: New page: Compile Skele_AnimBP
[2015.04.20-23.53.00:913][ 51]BlueprintEditorCompileResults: Info [1963.18] Compile of Skele_AnimBP successful! [in 95 ms]
[2015.04.20-23.53.19:749][305]BlueprintLog: New page: Compile Skele_AnimBP
[2015.04.20-23.53.19:841][305]BlueprintEditorCompileResults: Info [1982.10] Compile of Skele_AnimBP successful! [in 92 ms]
[2015.04.20-23.53.34:000][993]BlueprintLog: New page: Pre-PIE auto-recompile
[2015.04.20-23.53.34:008][993]LogPlayLevel: [PIE] Compiling Skele_BP before PIE...
[2015.04.20-23.53.34:089][993]LogPlayLevel: [PIE] Compiling Skele_AnimBP before PIE...
[2015.04.20-23.53.34:208][993]LogPlayLevel: PIE:  Blueprint regeneration took 208 ms (2 blueprints)
[2015.04.20-23.53.34:208][993]PIE: New page: PIE session: ThirdPersonExampleMap (21 Apr 2015 7:53:34 pm)
[2015.04.20-23.53.34:224][993]LogPlayLevel: PIE: StaticDuplicateObject took: (0.015649s)
[2015.04.20-23.53.34:225][993]LogPlayLevel: PIE: World Init took: (0.000758s)
[2015.04.20-23.53.34:225][993]LogPlayLevel: PIE: Created PIE world by copying editor world from /Game/ThirdPersonBP/Maps/ThirdPersonExampleMap.ThirdPersonExampleMap to /Game/ThirdPersonBP/Maps/UEDPIE_0_ThirdPersonExampleMap.ThirdPersonExampleMap (0.016603s)
[2015.04.20-23.53.34:265][993]LogWorld: Game class is 'Skele_GameMode_C'
[2015.04.20-23.53.34:266][993]LogAIModule: Creating AISystem for world ThirdPersonExampleMap
[2015.04.20-23.53.34:268][993]LogWorld: Bringing World /Game/ThirdPersonBP/Maps/UEDPIE_0_ThirdPersonExampleMap.ThirdPersonExampleMap up for play (max tick rate 0) at 2015.04.21-09.53.34
[2015.04.20-23.53.34:268][993]LogWorld: Bringing up level for play took: 0.002331
[2015.04.20-23.53.34:270][993]PIE: Info Play in editor start time for /Game/ThirdPersonBP/Maps/UEDPIE_0_ThirdPersonExampleMap 0.005
[2015.04.20-23.53.41:605][863]LogParticles: Destroying 0 GPU particle simulations for FXSystem 0x000000D3F32BBCE0
[2015.04.20-23.54.44:619][ 93]LogContentBrowser:Verbose: The majority of assets in the view are of type: AnimSequence
[2015.04.20-23.55.39:772][ 35]BlueprintLog: New page: Compile Skele_AnimBP
[2015.04.20-23.55.39:938][ 35]LogParticles: Destroying 0 GPU particle simulations for FXSystem 0x000000D3F0A3C5E0
[2015.04.20-23.55.39:938][ 35]LogParticles: Destroying 0 GPU particle simulations for FXSystem 0x000000D3D4DE53A0
[2015.04.20-23.55.39:945][ 35]BlueprintEditorCompileResults: Info [2122.21] Compile of Skele_AnimBP successful! [in 173 ms]
[2015.04.20-23.55.40:945][147]LogPlayLevel: PIE:  No blueprints needed recompiling
[2015.04.20-23.55.40:945][147]PIE: New page: PIE session: ThirdPersonExampleMap (21 Apr 2015 7:55:40 pm)
[2015.04.20-23.55.40:966][147]LogPlayLevel: PIE: StaticDuplicateObject took: (0.020773s)
[2015.04.20-23.55.40:967][147]LogPlayLevel: PIE: World Init took: (0.000547s)
[2015.04.20-23.55.40:967][147]LogPlayLevel: PIE: Created PIE world by copying editor world from /Game/ThirdPersonBP/Maps/ThirdPersonExampleMap.ThirdPersonExampleMap to /Game/ThirdPersonBP/Maps/UEDPIE_0_ThirdPersonExampleMap.ThirdPersonExampleMap (0.021504s)
[2015.04.20-23.55.41:007][147]LogWorld: Game class is 'Skele_GameMode_C'
[2015.04.20-23.55.41:009][147]LogAIModule: Creating AISystem for world ThirdPersonExampleMap
[2015.04.20-23.55.41:011][147]LogWorld: Bringing World /Game/ThirdPersonBP/Maps/UEDPIE_0_ThirdPersonExampleMap.ThirdPersonExampleMap up for play (max tick rate 0) at 2015.04.21-09.55.41
[2015.04.20-23.55.41:011][147]LogWorld: Bringing up level for play took: 0.002534
[2015.04.20-23.55.41:023][147]PIE: Info Play in editor start time for /Game/ThirdPersonBP/Maps/UEDPIE_0_ThirdPersonExampleMap 0.757
[2015.04.20-23.55.48:137][985]LogParticles: Destroying 0 GPU particle simulations for FXSystem 0x000000D3EDD719E0
[2015.04.20-23.56.01:544][924]LogPlayLevel: PIE:  No blueprints needed recompiling
[2015.04.20-23.56.01:545][924]PIE: New page: PIE session: ThirdPersonExampleMap (21 Apr 2015 7:56:01 pm)
[2015.04.20-23.56.01:560][924]LogPlayLevel: PIE: StaticDuplicateObject took: (0.014863s)
[2015.04.20-23.56.01:560][924]LogPlayLevel: PIE: World Init took: (0.000538s)
[2015.04.20-23.56.01:560][924]LogPlayLevel: PIE: Created PIE world by copying editor world from /Game/ThirdPersonBP/Maps/ThirdPersonExampleMap.ThirdPersonExampleMap to /Game/ThirdPersonBP/Maps/UEDPIE_0_ThirdPersonExampleMap.ThirdPersonExampleMap (0.015596s)
[2015.04.20-23.56.01:601][924]LogWorld: Game class is 'Skele_GameMode_C'
[2015.04.20-23.56.01:602][924]LogAIModule: Creating AISystem for world ThirdPersonExampleMap
[2015.04.20-23.56.01:605][924]LogWorld: Bringing World /Game/ThirdPersonBP/Maps/UEDPIE_0_ThirdPersonExampleMap.ThirdPersonExampleMap up for play (max tick rate 0) at 2015.04.21-09.56.01
[2015.04.20-23.56.01:605][924]LogWorld: Bringing up level for play took: 0.002543
[2015.04.20-23.56.01:619][924]PIE: Info Play in editor start time for /Game/ThirdPersonBP/Maps/UEDPIE_0_ThirdPersonExampleMap -0.646
[2015.04.20-23.56.04:920][307]LogParticles: Destroying 0 GPU particle simulations for FXSystem 0x000000D3E1BF5120
[2015.04.20-23.56.07:660][627]LogPlayLevel: PIE:  No blueprints needed recompiling
[2015.04.20-23.56.07:661][627]PIE: New page: PIE session: ThirdPersonExampleMap (21 Apr 2015 7:56:07 pm)
[2015.04.20-23.56.07:675][627]LogPlayLevel: PIE: StaticDuplicateObject took: (0.014429s)
[2015.04.20-23.56.07:676][627]LogPlayLevel: PIE: World Init took: (0.000571s)
[2015.04.20-23.56.07:676][627]LogPlayLevel: PIE: Created PIE world by copying editor world from /Game/ThirdPersonBP/Maps/ThirdPersonExampleMap.ThirdPersonExampleMap to /Game/ThirdPersonBP/Maps/UEDPIE_0_ThirdPersonExampleMap.ThirdPersonExampleMap (0.015201s)
[2015.04.20-23.56.07:719][627]LogWorld: Game class is 'Skele_GameMode_C'
[2015.04.20-23.56.07:720][627]LogAIModule: Creating AISystem for world ThirdPersonExampleMap
[2015.04.20-23.56.07:723][627]LogWorld: Bringing World /Game/ThirdPersonBP/Maps/UEDPIE_0_ThirdPersonExampleMap.ThirdPersonExampleMap up for play (max tick rate 0) at 2015.04.21-09.56.07
[2015.04.20-23.56.07:723][627]LogWorld: Bringing up level for play took: 0.002549
[2015.04.20-23.56.07:737][627]PIE: Info Play in editor start time for /Game/ThirdPersonBP/Maps/UEDPIE_0_ThirdPersonExampleMap -0.529
[2015.04.20-23.56.22:552][370]LogParticles: Destroying 0 GPU particle simulations for FXSystem 0x000000D3F6164180
[2015.04.20-23.56.43:260][831]BlueprintLog: New page: Compile Skele_AnimBP
[2015.04.20-23.56.43:350][831]BlueprintEditorCompileResults: Info [2185.61] Compile of Skele_AnimBP successful! [in 89 ms]
[2015.04.20-23.56.44:392][954]LogPlayLevel: PIE:  No blueprints needed recompiling
[2015.04.20-23.56.44:392][954]PIE: New page: PIE session: ThirdPersonExampleMap (21 Apr 2015 7:56:44 pm)
[2015.04.20-23.56.44:407][954]LogPlayLevel: PIE: StaticDuplicateObject took: (0.015139s)
[2015.04.20-23.56.44:408][954]LogPlayLevel: PIE: World Init took: (0.000614s)
[2015.04.20-23.56.44:408][954]LogPlayLevel: PIE: Created PIE world by copying editor world from /Game/ThirdPersonBP/Maps/ThirdPersonExampleMap.ThirdPersonExampleMap to /Game/ThirdPersonBP/Maps/UEDPIE_0_ThirdPersonExampleMap.ThirdPersonExampleMap (0.015928s)
[2015.04.20-23.56.44:451][954]LogWorld: Game class is 'Skele_GameMode_C'
[2015.04.20-23.56.44:452][954]LogAIModule: Creating AISystem for world ThirdPersonExampleMap
[2015.04.20-23.56.44:455][954]LogWorld: Bringing World /Game/ThirdPersonBP/Maps/UEDPIE_0_ThirdPersonExampleMap.ThirdPersonExampleMap up for play (max tick rate 0) at 2015.04.21-09.56.44
[2015.04.20-23.56.44:455][954]LogWorld: Bringing up level for play took: 0.002537
[2015.04.20-23.56.44:470][954]PIE: Info Play in editor start time for /Game/ThirdPersonBP/Maps/UEDPIE_0_ThirdPersonExampleMap 0.204
[2015.04.20-23.57.56:604][763]LogParticles: Destroying 0 GPU particle simulations for FXSystem 0x000000D3E1BF49A0
[2015.04.20-23.58.41:362][806]BlueprintLog: New page: Compile Skele_AnimBP
[2015.04.20-23.58.41:453][806]BlueprintEditorCompileResults: Info [2303.71] Compile of Skele_AnimBP successful! [in 90 ms]
[2015.04.20-23.58.42:286][898]LogPlayLevel: PIE:  No blueprints needed recompiling
[2015.04.20-23.58.42:286][898]PIE: New page: PIE session: ThirdPersonExampleMap (21 Apr 2015 7:58:42 pm)
[2015.04.20-23.58.42:302][898]LogPlayLevel: PIE: StaticDuplicateObject took: (0.014974s)
[2015.04.20-23.58.42:302][898]LogPlayLevel: PIE: World Init took: (0.000649s)
[2015.04.20-23.58.42:302][898]LogPlayLevel: PIE: Created PIE world by copying editor world from /Game/ThirdPersonBP/Maps/ThirdPersonExampleMap.ThirdPersonExampleMap to /Game/ThirdPersonBP/Maps/UEDPIE_0_ThirdPersonExampleMap.ThirdPersonExampleMap (0.015834s)
[2015.04.20-23.58.42:341][898]LogWorld: Game class is 'Skele_GameMode_C'
[2015.04.20-23.58.42:342][898]LogAIModule: Creating AISystem for world ThirdPersonExampleMap
[2015.04.20-23.58.42:345][898]LogWorld: Bringing World /Game/ThirdPersonBP/Maps/UEDPIE_0_ThirdPersonExampleMap.ThirdPersonExampleMap up for play (max tick rate 0) at 2015.04.21-09.58.42
[2015.04.20-23.58.42:345][898]LogWorld: Bringing up level for play took: 0.002512
[2015.04.20-23.58.42:360][898]PIE: Info Play in editor start time for /Game/ThirdPersonBP/Maps/UEDPIE_0_ThirdPersonExampleMap 0.094
[2015.04.20-23.59.17:840][739]LogParticles: Destroying 0 GPU particle simulations for FXSystem 0x000000D3EB9472E0
[2015.04.20-23.59.56:545][171]BlueprintLog: New page: Compile Skele_AnimBP
[2015.04.20-23.59.56:637][171]BlueprintEditorCompileResults: Info [2378.90] Compile of Skele_AnimBP successful! [in 92 ms]
[2015.04.20-23.59.57:805][302]LogPlayLevel: PIE:  No blueprints needed recompiling
[2015.04.20-23.59.57:805][302]PIE: New page: PIE session: ThirdPersonExampleMap (21 Apr 2015 7:59:57 pm)
[2015.04.20-23.59.57:821][302]LogPlayLevel: PIE: StaticDuplicateObject took: (0.015949s)
[2015.04.20-23.59.57:822][302]LogPlayLevel: PIE: World Init took: (0.000569s)
[2015.04.20-23.59.57:822][302]LogPlayLevel: PIE: Created PIE world by copying editor world from /Game/ThirdPersonBP/Maps/ThirdPersonExampleMap.ThirdPersonExampleMap to /Game/ThirdPersonBP/Maps/UEDPIE_0_ThirdPersonExampleMap.ThirdPersonExampleMap (0.016723s)
[2015.04.20-23.59.57:861][302]LogWorld: Game class is 'Skele_GameMode_C'
[2015.04.20-23.59.57:862][302]LogAIModule: Creating AISystem for world ThirdPersonExampleMap
[2015.04.20-23.59.57:865][302]LogWorld: Bringing World /Game/ThirdPersonBP/Maps/UEDPIE_0_ThirdPersonExampleMap.ThirdPersonExampleMap up for play (max tick rate 0) at 2015.04.21-09.59.57
[2015.04.20-23.59.57:865][302]LogWorld: Bringing up level for play took: 0.002526
[2015.04.20-23.59.57:879][302]PIE: Info Play in editor start time for /Game/ThirdPersonBP/Maps/UEDPIE_0_ThirdPersonExampleMap -0.387
[2015.04.21-00.00.16:765][514]LogParticles: Destroying 0 GPU particle simulations for FXSystem 0x000000D3DFF70EA0
[2015.04.21-00.00.18:900][770]LogEditorTransaction: Undo Resize Node
[2015.04.21-00.00.19:296][790]LogEditorTransaction: Undo Delete current selection
[2015.04.21-00.00.19:748][830]LogEditorTransaction: Undo Create Pin Link
[2015.04.21-00.00.20:144][869]LogEditorTransaction: Undo Break Pin Links
[2015.04.21-00.00.20:523][906]LogEditorTransaction: Undo Create Pin Link
[2015.04.21-00.00.20:903][943]LogEditorTransaction: Undo Move Node
[2015.04.21-00.00.21:281][980]LogEditorTransaction: Undo Move Node
[2015.04.21-00.00.21:643][ 15]LogEditorTransaction: Undo Move Node
[2015.04.21-00.00.22:019][ 52]LogEditorTransaction: Undo Create Pin Link
[2015.04.21-00.00.22:395][ 89]LogEditorTransaction: Undo Create Pin Link
[2015.04.21-00.00.22:739][122]LogEditorTransaction: Undo Add Node
[2015.04.21-00.00.23:589][216]LogEditorTransaction: Undo Add Node
[2015.04.21-00.00.23:907][246]LogEditorTransaction: Undo Add Node
[2015.04.21-00.00.24:223][276]LogEditorTransaction: Undo Move Node
[2015.04.21-00.00.58:003][235]BlueprintLog: New page: Compile Skele_AnimBP
[2015.04.21-00.00.58:133][235]BlueprintEditorCompileResults: Info [2440.39] Compile of Skele_AnimBP successful! [in 129 ms]
[2015.04.21-00.00.58:809][308]BlueprintLog: New page: Pre-PIE auto-recompile
[2015.04.21-00.00.58:813][308]LogPlayLevel: [PIE] Compiling Skele_BP before PIE...
[2015.04.21-00.00.58:891][308]LogPlayLevel: [PIE] Compiling Skele_AnimBP before PIE...
[2015.04.21-00.00.58:982][308]LogPlayLevel: PIE:  Blueprint regeneration took 172 ms (2 blueprints)
[2015.04.21-00.00.58:982][308]PIE: New page: PIE session: ThirdPersonExampleMap (21 Apr 2015 8:00:58 pm)
[2015.04.21-00.00.58:999][308]LogPlayLevel: PIE: StaticDuplicateObject took: (0.016390s)
[2015.04.21-00.00.59:000][308]LogPlayLevel: PIE: World Init took: (0.000677s)
[2015.04.21-00.00.59:000][308]LogPlayLevel: PIE: Created PIE world by copying editor world from /Game/ThirdPersonBP/Maps/ThirdPersonExampleMap.ThirdPersonExampleMap to /Game/ThirdPersonBP/Maps/UEDPIE_0_ThirdPersonExampleMap.ThirdPersonExampleMap (0.017276s)
[2015.04.21-00.00.59:043][308]LogWorld: Game class is 'Skele_GameMode_C'
[2015.04.21-00.00.59:044][308]LogAIModule: Creating AISystem for world ThirdPersonExampleMap
[2015.04.21-00.00.59:047][308]LogWorld: Bringing World /Game/ThirdPersonBP/Maps/UEDPIE_0_ThirdPersonExampleMap.ThirdPersonExampleMap up for play (max tick rate 0) at 2015.04.21-10.00.59
[2015.04.21-00.00.59:047][308]LogWorld: Bringing up level for play took: 0.002391
[2015.04.21-00.00.59:058][308]PIE: Info Play in editor start time for /Game/ThirdPersonBP/Maps/UEDPIE_0_ThirdPersonExampleMap 0.792
[2015.04.21-00.01.21:848][962]LogParticles: Destroying 0 GPU particle simulations for FXSystem 0x000000D3F17104A0
[2015.04.21-00.01.36:107][634]BlueprintLog: New page: Compile Skele_AnimBP
[2015.04.21-00.01.36:200][634]BlueprintEditorCompileResults: Info [2478.46] Compile of Skele_AnimBP successful! [in 92 ms]
[2015.04.21-00.01.37:226][749]LogPlayLevel: PIE:  No blueprints needed recompiling
[2015.04.21-00.01.37:226][749]PIE: New page: PIE session: ThirdPersonExampleMap (21 Apr 2015 8:01:37 pm)
[2015.04.21-00.01.37:242][749]LogPlayLevel: PIE: StaticDuplicateObject took: (0.015810s)
[2015.04.21-00.01.37:243][749]LogPlayLevel: PIE: World Init took: (0.000518s)
[2015.04.21-00.01.37:243][749]LogPlayLevel: PIE: Created PIE world by copying editor world from /Game/ThirdPersonBP/Maps/ThirdPersonExampleMap.ThirdPersonExampleMap to /Game/ThirdPersonBP/Maps/UEDPIE_0_ThirdPersonExampleMap.ThirdPersonExampleMap (0.016555s)
[2015.04.21-00.01.37:283][749]LogWorld: Game class is 'Skele_GameMode_C'
[2015.04.21-00.01.37:284][749]LogAIModule: Creating AISystem for world ThirdPersonExampleMap
[2015.04.21-00.01.37:287][749]LogWorld: Bringing World /Game/ThirdPersonBP/Maps/UEDPIE_0_ThirdPersonExampleMap.ThirdPersonExampleMap up for play (max tick rate 0) at 2015.04.21-10.01.37
[2015.04.21-00.01.37:287][749]LogWorld: Bringing up level for play took: 0.002531
[2015.04.21-00.01.37:302][749]PIE: Info Play in editor start time for /Game/ThirdPersonBP/Maps/UEDPIE_0_ThirdPersonExampleMap 1.036
[2015.04.21-00.01.55:883][941]LogParticles: Destroying 0 GPU particle simulations for FXSystem 0x000000D3EB3E8360
[2015.04.21-00.02.25:393][461]BlueprintLog: New page: Compile Skele_AnimBP
[2015.04.21-00.02.25:485][461]BlueprintEditorCompileResults: Info [2527.75] Compile of Skele_AnimBP successful! [in 91 ms]
[2015.04.21-00.02.28:696][839]LogPlayLevel: PIE:  No blueprints needed recompiling
[2015.04.21-00.02.28:696][839]PIE: New page: PIE session: ThirdPersonExampleMap (21 Apr 2015 8:02:28 pm)
[2015.04.21-00.02.28:711][839]LogPlayLevel: PIE: StaticDuplicateObject took: (0.014429s)
[2015.04.21-00.02.28:711][839]LogPlayLevel: PIE: World Init took: (0.000695s)
[2015.04.21-00.02.28:712][839]LogPlayLevel: PIE: Created PIE world by copying editor world from /Game/ThirdPersonBP/Maps/ThirdPersonExampleMap.ThirdPersonExampleMap to /Game/ThirdPersonBP/Maps/UEDPIE_0_ThirdPersonExampleMap.ThirdPersonExampleMap (0.015293s)
[2015.04.21-00.02.28:756][839]LogWorld: Game class is 'Skele_GameMode_C'
[2015.04.21-00.02.28:757][839]LogAIModule: Creating AISystem for world ThirdPersonExampleMap
[2015.04.21-00.02.28:760][839]LogWorld: Bringing World /Game/ThirdPersonBP/Maps/UEDPIE_0_ThirdPersonExampleMap.ThirdPersonExampleMap up for play (max tick rate 0) at 2015.04.21-10.02.28
[2015.04.21-00.02.28:760][839]LogWorld: Bringing up level for play took: 0.002596
[2015.04.21-00.02.28:774][839]PIE: Info Play in editor start time for /Game/ThirdPersonBP/Maps/UEDPIE_0_ThirdPersonExampleMap 0.508
[2015.04.21-00.02.57:463][262]LogParticles: Destroying 0 GPU particle simulations for FXSystem 0x000000D3FA2B87C0
[2015.04.21-00.05.30:233][ 66]LogFileHelpers: Editor autosave (incl. sublevels) for '/Game/ThirdPersonBP/Maps/ThirdPersonExampleMap' took 0.016
[2015.04.21-00.05.30:263][ 66]OBJ SavePackage: Generating thumbnails for [1] asset(s) in package [/Game/SkeletonWar/Blueprints/Skele_BP] ([1] browsable assets)...
[2015.04.21-00.05.30:290][ 66]OBJ SavePackage:     Rendered thumbnail for [Blueprint /Game/SkeletonWar/Blueprints/Skele_BP.Skele_BP]
[2015.04.21-00.05.30:290][ 66]OBJ SavePackage: Finished generating thumbnails for package [/Game/SkeletonWar/Blueprints/Skele_BP]
[2015.04.21-00.05.30:291][ 66]Cmd: OBJ SAVEPACKAGE PACKAGE="/Game/SkeletonWar/Blueprints/Skele_BP" FILE="D:/SkeletonWar/Saved/Autosaves/Game/SkeletonWar/Blueprints/Skele_BP_Auto4.uasset" SILENT=false AUTOSAVING=true
[2015.04.21-00.05.30:630][ 66]LogSavePackage: Save=335.239136ms
[2015.04.21-00.05.30:631][ 66]LogSavePackage: Moving 'D:/SkeletonWar/Saved/Skele_BP_Auto4832003B2422182364C60C9B19FC50E80.tmp' to 'D:/SkeletonWar/Saved/Autosaves/Game/SkeletonWar/Blueprints/Skele_BP_Auto4.uasset'
[2015.04.21-00.05.30:670][ 66]OBJ SavePackage: Generating thumbnails for [1] asset(s) in package [/Game/SkeletonWar/Characters/Skele_AnimBP] ([1] browsable assets)...
[2015.04.21-00.05.30:688][ 66]OBJ SavePackage:     Rendered thumbnail for [AnimBlueprint /Game/SkeletonWar/Characters/Skele_AnimBP.Skele_AnimBP]
[2015.04.21-00.05.30:688][ 66]OBJ SavePackage: Finished generating thumbnails for package [/Game/SkeletonWar/Characters/Skele_AnimBP]
[2015.04.21-00.05.30:689][ 66]Cmd: OBJ SAVEPACKAGE PACKAGE="/Game/SkeletonWar/Characters/Skele_AnimBP" FILE="D:/SkeletonWar/Saved/Autosaves/Game/SkeletonWar/Characters/Skele_AnimBP_Auto4.uasset" SILENT=false AUTOSAVING=true
[2015.04.21-00.05.31:046][ 66]LogSavePackage: Save=352.941345ms
[2015.04.21-00.05.31:046][ 66]LogSavePackage: Moving 'D:/SkeletonWar/Saved/Skele_AnimBP_Auto43228DE96405569E103E469A2D64F82BA.tmp' to 'D:/SkeletonWar/Saved/Autosaves/Game/SkeletonWar/Characters/Skele_AnimBP_Auto4.uasset'
[2015.04.21-00.05.31:049][ 66]LogFileHelpers: Auto-saving content packages took 0.816
[2015.04.21-00.06.06:488][290]LogContentBrowser:Verbose: The majority of assets in the view are of type: AnimSequence
[2015.04.21-00.06.36:521][750]BlueprintLog: New page: Compile Skele_AnimBP
[2015.04.21-00.06.36:601][750]LogActorComponent: UnregisterComponent: (/Engine/Transient.CharMoveComp) Not registered. Aborting.
[2015.04.21-00.06.36:614][750]LogParticles: Destroying 0 GPU particle simulations for FXSystem 0x000000D3EEE33920
[2015.04.21-00.06.36:614][750]LogParticles: Destroying 0 GPU particle simulations for FXSystem 0x000000D3FAA15BC0
[2015.04.21-00.06.36:620][750]BlueprintEditorCompileResults: Info  Pose  was visible but ignored
[2015.04.21-00.06.36:620][750]BlueprintEditorCompileResults: Info  Source  was visible but ignored
[2015.04.21-00.06.36:620][750]BlueprintEditorCompileResults: Info [2778.88] Compile of Skele_AnimBP successful! [in 98 ms]
[2015.04.21-00.07.54:772][978]LogUObjectGlobals:Warning: Failed to find object 'Object None.'
[2015.04.21-00.08.01:219][713]BlueprintLog: New page: Compile Skele_AnimBP
[2015.04.21-00.08.01:321][713]BlueprintEditorCompileResults: Info [2863.58] Compile of Skele_AnimBP successful! [in 101 ms]
[2015.04.21-00.08.27:084][772]BlueprintLog: New page: Compile Skele_AnimBP
[2015.04.21-00.08.27:185][772]BlueprintEditorCompileResults: Info [2889.45] Compile of Skele_AnimBP successful! [in 100 ms]
[2015.04.21-00.08.28:659][947]LogPlayLevel: PIE:  No blueprints needed recompiling
[2015.04.21-00.08.28:659][947]PIE: New page: PIE session: ThirdPersonExampleMap (21 Apr 2015 8:08:28 pm)
[2015.04.21-00.08.28:678][947]LogPlayLevel: PIE: StaticDuplicateObject took: (0.018739s)
[2015.04.21-00.08.28:678][947]LogPlayLevel: PIE: World Init took: (0.000516s)
[2015.04.21-00.08.28:678][947]LogPlayLevel: PIE: Created PIE world by copying editor world from /Game/ThirdPersonBP/Maps/ThirdPersonExampleMap.ThirdPersonExampleMap to /Game/ThirdPersonBP/Maps/UEDPIE_0_ThirdPersonExampleMap.ThirdPersonExampleMap (0.019475s)
[2015.04.21-00.08.28:719][947]LogWorld: Game class is 'Skele_GameMode_C'
[2015.04.21-00.08.28:720][947]LogAIModule: Creating AISystem for world ThirdPersonExampleMap
[2015.04.21-00.08.28:723][947]LogWorld: Bringing World /Game/ThirdPersonBP/Maps/UEDPIE_0_ThirdPersonExampleMap.ThirdPersonExampleMap up for play (max tick rate 0) at 2015.04.21-10.08.28
[2015.04.21-00.08.28:723][947]LogWorld: Bringing up level for play took: 0.002542
[2015.04.21-00.08.28:734][947]PIE: Info Play in editor start time for /Game/ThirdPersonBP/Maps/UEDPIE_0_ThirdPersonExampleMap 0.468
[2015.04.21-00.09.04:441][198]LogParticles: Destroying 0 GPU particle simulations for FXSystem 0x000000D3DE0AF560
[2015.04.21-00.09.09:107][361]Cmd: OBJ SAVEPACKAGE PACKAGE="/Game/SkeletonWar/Blueprints/Skele_BP" FILE="D:/SkeletonWar/Content/SkeletonWar/Blueprints/Skele_BP.uasset" SILENT=true
[2015.04.21-00.09.09:166][361]LogSavePackage: Save=55.541920ms
[2015.04.21-00.09.09:166][361]LogSavePackage: Moving 'D:/SkeletonWar/Saved/Skele_BPA5F17ED147744EC9958158A0F91CCAB3.tmp' to 'D:/SkeletonWar/Content/SkeletonWar/Blueprints/Skele_BP.uasset'
[2015.04.21-00.09.09:179][361]Cmd: OBJ SAVEPACKAGE PACKAGE="/Game/SkeletonWar/Characters/Skele_AnimBP" FILE="D:/SkeletonWar/Content/SkeletonWar/Characters/Skele_AnimBP.uasset" SILENT=true
[2015.04.21-00.09.09:449][361]LogSavePackage: Save=266.944275ms
[2015.04.21-00.09.09:449][361]LogSavePackage: Moving 'D:/SkeletonWar/Saved/Skele_AnimBP955795F14DF1BBFED5437497E7BA5E2E.tmp' to 'D:/SkeletonWar/Content/SkeletonWar/Characters/Skele_AnimBP.uasset'
[2015.04.21-00.09.11:480][532]Cmd: QUIT_EDITOR
[2015.04.21-00.09.11:614][532]LogExit: Preparing to exit.
[2015.04.21-00.09.12:372][532]LogExit: Editor shut down
[2015.04.21-00.09.12:372][532]LogExit: Transaction tracking system shut down
[2015.04.21-00.09.12:374][532]LogParticles: Destroying 0 GPU particle simulations for FXSystem 0x000000D3A44E4F40
[2015.04.21-00.09.12:374][532]LogParticles: Destroying 0 GPU particle simulations for FXSystem 0x000000D39B6D8860
[2015.04.21-00.09.12:374][532]LogParticles: Destroying 0 GPU particle simulations for FXSystem 0x000000D3CFF54AE0
[2015.04.21-00.09.12:374][532]LogParticles: Destroying 0 GPU particle simulations for FXSystem 0x000000D3D2859DA0
[2015.04.21-00.09.12:374][532]LogParticles: Destroying 0 GPU particle simulations for FXSystem 0x000000D3D2859940
[2015.04.21-00.09.12:374][532]LogParticles: Destroying 0 GPU particle simulations for FXSystem 0x000000D3D2859580
[2015.04.21-00.09.12:374][532]LogParticles: Destroying 0 GPU particle simulations for FXSystem 0x000000D395F634C0
[2015.04.21-00.09.12:374][532]LogParticles: Destroying 0 GPU particle simulations for FXSystem 0x000000D395F637E0
[2015.04.21-00.09.12:375][532]LogParticles: Destroying 0 GPU particle simulations for FXSystem 0x000000D3E8B79620
[2015.04.21-00.09.12:375][532]LogParticles: Destroying 0 GPU particle simulations for FXSystem 0x000000D3A44E4720
[2015.04.21-00.09.12:375][532]LogParticles: Destroying 0 GPU particle simulations for FXSystem 0x000000D3A2E8E0C0
[2015.04.21-00.09.12:376][532]LogParticles: Destroying 0 GPU particle simulations for FXSystem 0x000000D3A2E8F100
[2015.04.21-00.09.12:376][532]LogParticles: Destroying 0 GPU particle simulations for FXSystem 0x000000D3D2858D60
[2015.04.21-00.09.12:376][532]LogParticles: Destroying 0 GPU particle simulations for FXSystem 0x000000D3F0CBC860
[2015.04.21-00.09.12:376][532]LogParticles: Destroying 0 GPU particle simulations for FXSystem 0x000000D3F0CBFD80
[2015.04.21-00.09.12:376][532]LogParticles: Destroying 0 GPU particle simulations for FXSystem 0x000000D3FAAA6D40
[2015.04.21-00.09.12:482][532]LogExit: Object subsystem successfully closed.
[2015.04.21-00.09.12:520][532]LogModuleManager: Shutting down and abandoning module ExternalImagePicker (178)
[2015.04.21-00.09.12:520][532]LogModuleManager: Shutting down and abandoning module CrashTracker (177)
[2015.04.21-00.09.12:520][532]LogModuleManager: Shutting down and abandoning module SuperSearch (176)
[2015.04.21-00.09.12:520][532]LogModuleManager: Shutting down and abandoning module SceneOutliner (175)
[2015.04.21-00.09.12:520][532]LogModuleManager: Shutting down and abandoning module EditorWidgets (174)
[2015.04.21-00.09.12:520][532]LogModuleManager: Shutting down and abandoning module CollectionManager (173)
[2015.04.21-00.09.12:520][532]LogModuleManager: Shutting down and abandoning module StatsViewer (172)
[2015.04.21-00.09.12:520][532]LogModuleManager: Shutting down and abandoning module FoliageEdit (171)
[2015.04.21-00.09.12:520][532]LogModuleManager: Shutting down and abandoning module LandscapeEditor (170)
[2015.04.21-00.09.12:520][532]LogModuleManager: Shutting down and abandoning module MeshPaint (169)
[2015.04.21-00.09.12:521][532]LogModuleManager: Shutting down and abandoning module ActorPickerMode (168)
[2015.04.21-00.09.12:521][532]LogModuleManager: Shutting down and abandoning module GeometryMode (167)
[2015.04.21-00.09.12:521][532]LogModuleManager: Shutting down and abandoning module TextureAlignMode (166)
[2015.04.21-00.09.12:521][532]LogModuleManager: Shutting down and abandoning module BspMode (165)
[2015.04.21-00.09.12:521][532]LogModuleManager: Shutting down and abandoning module PlacementMode (164)
[2015.04.21-00.09.12:521][532]LogModuleManager: Shutting down and abandoning module AutomationWorker (163)
[2015.04.21-00.09.12:521][532]LogModuleManager: Shutting down and abandoning module CharacterAI (162)
[2015.04.21-00.09.12:521][532]LogModuleManager: Shutting down and abandoning module SmartSnapping (161)
[2015.04.21-00.09.12:521][532]LogModuleManager: Shutting down and abandoning module ViewportSnapping (160)
[2015.04.21-00.09.12:521][532]LogModuleManager: Shutting down and abandoning module LogVisualizer (159)
[2015.04.21-00.09.12:521][532]LogModuleManager: Shutting down and abandoning module GameProjectGeneration (158)
[2015.04.21-00.09.12:521][532]LogModuleManager: Shutting down and abandoning module IntroTutorials (157)
[2015.04.21-00.09.12:521][532]LogModuleManager: Shutting down and abandoning module EditorLiveStreaming (156)
[2015.04.21-00.09.12:521][532]LogModuleManager: Shutting down and abandoning module HardwareTargeting (155)
[2015.04.21-00.09.12:521][532]LogModuleManager: Shutting down and abandoning module DeviceProfileEditor (154)
[2015.04.21-00.09.12:521][532]LogModuleManager: Shutting down and abandoning module UndoHistory (153)
[2015.04.21-00.09.12:521][532]LogModuleManager: Shutting down and abandoning module GameplayTagsEditor (152)
[2015.04.21-00.09.12:521][532]LogModuleManager: Shutting down and abandoning module UserFeedback (151)
[2015.04.21-00.09.12:521][532]LogModuleManager: Shutting down and abandoning module XmlParser (150)
[2015.04.21-00.09.12:521][532]LogModuleManager: Shutting down and abandoning module Blutility (149)
[2015.04.21-00.09.12:521][532]LogModuleManager: Shutting down and abandoning module IOSPlatformEditor (148)
[2015.04.21-00.09.12:521][532]LogModuleManager: Shutting down and abandoning module IOSRuntimeSettings (147)
[2015.04.21-00.09.12:521][532]LogModuleManager: Shutting down and abandoning module AndroidDeviceDetection (146)
[2015.04.21-00.09.12:877][532]LogModuleManager: Shutting down and abandoning module AndroidPlatformEditor (145)
[2015.04.21-00.09.12:877][532]LogModuleManager: Shutting down and abandoning module AndroidRuntimeSettings (144)
[2015.04.21-00.09.12:877][532]LogModuleManager: Shutting down and abandoning module ProjectTargetPlatformEditor (143)
[2015.04.21-00.09.12:877][532]LogModuleManager: Shutting down and abandoning module ProjectSettingsViewer (142)
[2015.04.21-00.09.12:877][532]LogModuleManager: Shutting down and abandoning module InputBindingEditor (141)
[2015.04.21-00.09.12:877][532]LogModuleManager: Shutting down and abandoning module EditorSettingsViewer (140)
[2015.04.21-00.09.12:877][532]LogModuleManager: Shutting down and abandoning module SettingsEditor (139)
[2015.04.21-00.09.12:877][532]LogModuleManager: Shutting down and abandoning module ProjectLauncher (138)
[2015.04.21-00.09.12:877][532]LogModuleManager: Shutting down and abandoning module SessionFrontend (137)
[2015.04.21-00.09.12:877][532]LogModuleManager: Shutting down and abandoning module ProfilerClient (136)
[2015.04.21-00.09.12:877][532]LogModuleManager: Shutting down and abandoning module TargetDeviceServices (135)
[2015.04.21-00.09.12:877][532]LogModuleManager: Shutting down and abandoning module DeviceManager (134)
[2015.04.21-00.09.12:877][532]LogModuleManager: Shutting down and abandoning module AutomationController (133)
[2015.04.21-00.09.12:877][532]LogModuleManager: Shutting down and abandoning module AutomationWindow (132)
[2015.04.21-00.09.12:877][532]LogModuleManager: Shutting down and abandoning module Layers (131)
[2015.04.21-00.09.12:877][532]LogModuleManager: Shutting down and abandoning module ComponentVisualizers (130)
[2015.04.21-00.09.12:877][532]LogModuleManager: Shutting down and abandoning module DetailCustomizations (129)
[2015.04.21-00.09.12:877][532]LogModuleManager: Shutting down and abandoning module PackagesDialog (128)
[2015.04.21-00.09.12:877][532]LogModuleManager: Shutting down and abandoning module AssetRegistry (127)
[2015.04.21-00.09.12:976][532]LogModuleManager: Shutting down and abandoning module Persona (126)
[2015.04.21-00.09.12:976][532]LogModuleManager: Shutting down and abandoning module SlateReflector (125)
[2015.04.21-00.09.12:976][532]LogModuleManager: Shutting down and abandoning module LevelEditor (124)
[2015.04.21-00.09.12:977][532]LogModuleManager: Shutting down and abandoning module Kismet (123)
[2015.04.21-00.09.12:977][532]LogModuleManager: Shutting down and abandoning module GraphEditor (122)
[2015.04.21-00.09.12:977][532]LogModuleManager: Shutting down and abandoning module ClassViewer (121)
[2015.04.21-00.09.12:977][532]LogModuleManager: Shutting down and abandoning module Toolbox (120)
[2015.04.21-00.09.12:977][532]LogModuleManager: Shutting down and abandoning module ModuleUI (119)
[2015.04.21-00.09.12:977][532]LogModuleManager: Shutting down and abandoning module MovieSceneTools (118)
[2015.04.21-00.09.12:977][532]LogModuleManager: Shutting down and abandoning module OutputLog (117)
[2015.04.21-00.09.12:977][532]LogModuleManager: Shutting down and abandoning module GammaUI (116)
[2015.04.21-00.09.12:977][532]LogModuleManager: Shutting down and abandoning module Documentation (115)
[2015.04.21-00.09.12:977][532]LogModuleManager: Shutting down and abandoning module GameLiveStreaming (114)
[2015.04.21-00.09.12:977][532]LogModuleManager: Shutting down and abandoning module StreamingPauseRendering (113)
[2015.04.21-00.09.12:977][532]LogModuleManager: Shutting down and abandoning module HTTP (112)
[2015.04.21-00.09.12:977][532]LogModuleManager: Shutting down and abandoning module AnalyticsET (111)
[2015.04.21-00.09.12:977][532]LogModuleManager: Shutting down and abandoning module Analytics (110)
[2015.04.21-00.09.12:977][532]LogModuleManager: Shutting down and abandoning module AITestSuite (109)
[2015.04.21-00.09.12:977][532]LogModuleManager: Shutting down and abandoning module GameplayDebugger (108)
[2015.04.21-00.09.12:977][532]LogModuleManager: Shutting down and abandoning module AIModule (107)
[2015.04.21-00.09.12:977][532]LogModuleManager: Shutting down and abandoning module ProfilerService (106)
[2015.04.21-00.09.13:150][532]LogModuleManager: Shutting down and abandoning module TaskGraph (105)
[2015.04.21-00.09.13:150][532]LogModuleManager: Shutting down and abandoning module SlateRemote (104)
[2015.04.21-00.09.13:150][532]LogModuleManager: Shutting down and abandoning module ScriptEditorPlugin (103)
[2015.04.21-00.09.13:150][532]LogModuleManager: Shutting down and abandoning module CustomMeshComponent (102)
[2015.04.21-00.09.13:150][532]LogModuleManager: Shutting down and abandoning module CableComponent (101)
[2015.04.21-00.09.13:150][532]LogModuleManager: Shutting down and abandoning module MessagingDebugger (100)
[2015.04.21-00.09.13:150][532]LogModuleManager: Shutting down and abandoning module MediaPlayerEditor (99)
[2015.04.21-00.09.13:150][532]LogModuleManager: Shutting down and abandoning module SpeedTreeImporter (98)
[2015.04.21-00.09.13:150][532]LogModuleManager: Shutting down and abandoning module PluginsEditor (97)
[2015.04.21-00.09.13:150][532]LogModuleManager: Shutting down and abandoning module MainFrame (96)
[2015.04.21-00.09.13:150][532]LogModuleManager: Shutting down and abandoning module EpicSurvey (95)
[2015.04.21-00.09.13:150][532]LogModuleManager: Shutting down and abandoning module DesktopPlatform (94)
[2015.04.21-00.09.13:150][532]LogModuleManager: Shutting down and abandoning module DirectoryWatcher (93)
[2015.04.21-00.09.13:150][532]LogModuleManager: Shutting down and abandoning module HotReload (92)
[2015.04.21-00.09.13:150][532]LogModuleManager: Shutting down and abandoning module VisualStudioSourceCodeAccess (91)
[2015.04.21-00.09.13:150][532]LogModuleManager: Shutting down and abandoning module UObjectPlugin (90)
[2015.04.21-00.09.13:150][532]LogModuleManager: Shutting down and abandoning module SubversionSourceControl (89)
[2015.04.21-00.09.13:150][532]LogModuleManager: Shutting down and abandoning module PerforceSourceControl (88)
[2015.04.21-00.09.13:150][532]LogModuleManager: Shutting down and abandoning module SourceControl (87)
[2015.04.21-00.09.13:150][532]LogModuleManager: Shutting down and abandoning module GitSourceControl (86)
[2015.04.21-00.09.13:150][532]LogModuleManager: Shutting down and abandoning module BlankPlugin (85)
[2015.04.21-00.09.13:150][532]LogModuleManager: Shutting down and abandoning module PaperTiledImporter (84)
[2015.04.21-00.09.13:150][532]LogModuleManager: Shutting down and abandoning module PaperJsonImporter (83)
[2015.04.21-00.09.13:150][532]LogModuleManager: Shutting down and abandoning module ContentBrowser (82)
[2015.04.21-00.09.13:151][532]LogModuleManager: Shutting down and abandoning module Paper2DEditor (81)
[2015.04.21-00.09.13:151][532]LogModuleManager: Shutting down and abandoning module ScriptPlugin (80)
[2015.04.21-00.09.13:151][532]LogModuleManager: Shutting down and abandoning module UdpMessaging (79)
[2015.04.21-00.09.13:252][532]LogModuleManager: Shutting down and abandoning module Paper2D (78)
[2015.04.21-00.09.13:252][532]LogModuleManager: Shutting down and abandoning module WindowsMoviePlayer (77)
[2015.04.21-00.09.13:253][532]LogModuleManager: Shutting down and abandoning module Media (76)
[2015.04.21-00.09.13:253][532]LogModuleManager: Shutting down and abandoning module WmfMedia (75)
[2015.04.21-00.09.13:253][532]LogModuleManager: Shutting down and abandoning module OnlineBlueprintSupport (74)
[2015.04.21-00.09.13:253][532]LogModuleManager: Shutting down and abandoning module PropertyEditor (73)
[2015.04.21-00.09.13:253][532]LogModuleManager: Shutting down and abandoning module BehaviorTreeEditor (72)
[2015.04.21-00.09.13:253][532]LogModuleManager: Shutting down and abandoning module FunctionalTesting (71)
[2015.04.21-00.09.13:253][532]LogModuleManager: Shutting down and abandoning module CollisionAnalyzer (70)
[2015.04.21-00.09.13:253][532]LogModuleManager: Shutting down and abandoning module WorkspaceMenuStructure (69)
[2015.04.21-00.09.13:253][532]LogModuleManager: Shutting down and abandoning module MessageLog (68)
[2015.04.21-00.09.13:253][532]LogModuleManager: Shutting down and abandoning module Sequencer (67)
[2015.04.21-00.09.13:253][532]LogModuleManager: Shutting down and abandoning module AssetTools (66)
[2015.04.21-00.09.13:254][532]LogModuleManager: Shutting down and abandoning module UMGEditor (65)
[2015.04.21-00.09.13:254][532]LogModuleManager: Shutting down and abandoning module UMG (64)
[2015.04.21-00.09.13:254][532]LogModuleManager: Shutting down and abandoning module Slate (63)
[2015.04.21-00.09.13:254][532]LogModuleManager: Shutting down and abandoning module EditorStyle (62)
[2015.04.21-00.09.13:256][532]LogModuleManager: Shutting down and abandoning module SessionServices (61)
[2015.04.21-00.09.13:256][532]LogModuleManager: Shutting down and abandoning module SourceCodeAccess (60)
[2015.04.21-00.09.13:256][532]LogModuleManager: Shutting down and abandoning module HeadMountedDisplay (59)
[2015.04.21-00.09.13:256][532]LogModuleManager: Shutting down and abandoning module XAudio2 (58)
[2015.04.21-00.09.13:256][532]LogModuleManager: Shutting down and abandoning module Networking (56)
[2015.04.21-00.09.13:256][532]LogModuleManager: Shutting down and abandoning module Core (55)
[2015.04.21-00.09.13:256][532]LogModuleManager: Shutting down and abandoning module KismetCompiler (54)
[2015.04.21-00.09.13:256][532]LogModuleManager: Shutting down and abandoning module PhysXFormats (53)
[2015.04.21-00.09.13:256][532]LogModuleManager: Shutting down and abandoning module MeshUtilities (52)
[2015.04.21-00.09.13:256][532]LogModuleManager: Shutting down and abandoning module DerivedDataCache (51)
[2015.04.21-00.09.13:282][532]LogDerivedDataCache: Shutdown
[2015.04.21-00.09.13:282][532]LogModuleManager: Shutting down and abandoning module ShaderFormatOpenGL (50)
[2015.04.21-00.09.13:282][532]LogModuleManager: Shutting down and abandoning module ShaderFormatD3D (49)
[2015.04.21-00.09.13:282][532]LogModuleManager: Shutting down and abandoning module MetalShaderFormat (48)
[2015.04.21-00.09.13:282][532]LogModuleManager: Shutting down and abandoning module TextureFormatUncompressed (47)
[2015.04.21-00.09.13:282][532]LogModuleManager: Shutting down and abandoning module TextureFormatPVR (46)
[2015.04.21-00.09.13:282][532]LogModuleManager: Shutting down and abandoning module TextureFormatIntelISPCTexComp (45)
[2015.04.21-00.09.13:282][532]LogModuleManager: Shutting down and abandoning module TextureFormatDXT (44)
[2015.04.21-00.09.13:282][532]LogModuleManager: Shutting down and abandoning module ImageWrapper (43)
[2015.04.21-00.09.13:282][532]LogModuleManager: Shutting down and abandoning module TextureFormatASTC (42)
[2015.04.21-00.09.13:282][532]LogModuleManager: Shutting down and abandoning module TextureFormatAndroid (41)
[2015.04.21-00.09.13:282][532]LogModuleManager: Shutting down and abandoning module AudioFormatOpus (40)
[2015.04.21-00.09.13:282][532]LogModuleManager: Shutting down and abandoning module AudioFormatOgg (39)
[2015.04.21-00.09.13:282][532]LogModuleManager: Shutting down and abandoning module AudioFormatADPCM (38)
[2015.04.21-00.09.13:282][532]LogModuleManager: Shutting down and abandoning module LinuxTargetPlatform (37)
[2015.04.21-00.09.13:282][532]LogModuleManager: Shutting down and abandoning module LinuxServerTargetPlatform (36)
[2015.04.21-00.09.13:282][532]LogModuleManager: Shutting down and abandoning module LinuxNoEditorTargetPlatform (35)
[2015.04.21-00.09.13:282][532]LogModuleManager: Shutting down and abandoning module Messaging (34)
[2015.04.21-00.09.13:282][532]LogModuleManager: Shutting down and abandoning module IOSTargetPlatform (33)
[2015.04.21-00.09.13:282][532]LogModuleManager: Shutting down and abandoning module HTML5TargetPlatform (32)
[2015.04.21-00.09.13:282][532]LogModuleManager: Shutting down and abandoning module Android_PVRTCTargetPlatform (31)
[2015.04.21-00.09.13:282][532]LogModuleManager: Shutting down and abandoning module Android_ETC2TargetPlatform (30)
[2015.04.21-00.09.13:282][532]LogModuleManager: Shutting down and abandoning module Android_ETC1TargetPlatform (29)
[2015.04.21-00.09.13:282][532]LogModuleManager: Shutting down and abandoning module Android_ES31TargetPlatform (28)
[2015.04.21-00.09.13:282][532]LogModuleManager: Shutting down and abandoning module Android_DXTTargetPlatform (27)
[2015.04.21-00.09.13:282][532]LogModuleManager: Shutting down and abandoning module Android_ATCTargetPlatform (26)
[2015.04.21-00.09.13:282][532]LogModuleManager: Shutting down and abandoning module AndroidTargetPlatform (25)
[2015.04.21-00.09.13:282][532]LogModuleManager: Shutting down and abandoning module WindowsTargetPlatform (24)
[2015.04.21-00.09.13:282][532]LogModuleManager: Shutting down and abandoning module WindowsServerTargetPlatform (23)
[2015.04.21-00.09.13:282][532]LogModuleManager: Shutting down and abandoning module WindowsNoEditorTargetPlatform (22)
[2015.04.21-00.09.13:282][532]LogModuleManager: Shutting down and abandoning module WindowsClientTargetPlatform (21)
[2015.04.21-00.09.13:282][532]LogModuleManager: Shutting down and abandoning module TargetPlatform (20)
[2015.04.21-00.09.13:282][532]LogModuleManager: Shutting down and abandoning module InputCore (19)
[2015.04.21-00.09.13:282][532]LogModuleManager: Shutting down and abandoning module Settings (18)
[2015.04.21-00.09.13:282][532]LogModuleManager: Shutting down and abandoning module OnlineSubsystem (16)
[2015.04.21-00.09.13:282][532]LogModuleManager: Shutting down and abandoning module OculusRift (15)
[2015.04.21-00.09.13:282][532]LogModuleManager: Shutting down and abandoning module ExampleDeviceProfileSelector (14)
[2015.04.21-00.09.13:282][532]LogModuleManager: Shutting down and abandoning module TextureCompressor (13)
[2015.04.21-00.09.13:282][532]LogModuleManager: Shutting down and abandoning module ShaderCore (12)
[2015.04.21-00.09.13:282][532]LogModuleManager: Shutting down and abandoning module Landscape (11)
[2015.04.21-00.09.13:282][532]LogModuleManager: Shutting down and abandoning module SlateRHIRenderer (10)
[2015.04.21-00.09.13:285][532]LogModuleManager: Shutting down and abandoning module OpenGLDrv (9)
[2015.04.21-00.09.13:285][532]LogModuleManager: Shutting down and abandoning module D3D11RHI (8)
[2015.04.21-00.09.13:285][532]LogModuleManager: Shutting down and abandoning module Renderer (7)
[2015.04.21-00.09.13:285][532]LogModuleManager: Shutting down and abandoning module Engine (6)
[2015.04.21-00.09.13:285][532]LogModuleManager: Shutting down and abandoning module CoreUObject (5)
[2015.04.21-00.09.13:285][532]LogModuleManager: Shutting down and abandoning module NetworkFile (4)
[2015.04.21-00.09.13:285][532]LogModuleManager: Shutting down and abandoning module StreamingFile (3)
[2015.04.21-00.09.13:285][532]LogModuleManager: Shutting down and abandoning module SandboxFile (2)
[2015.04.21-00.09.13:285][532]LogModuleManager: Shutting down and abandoning module PakFile (1)
[2015.04.21-00.09.13:285][532]LogExit: Exiting.
[2015.04.21-00.09.13:293][532]Log file closed, 04/21/15 10:09:13
